TN:
SF:/Applications/Xcode.app/Contents/Developer/Toolchains/XcodeDefault.xctoolchain/usr/include/c++/v1/__functional_base
FN:54,_ZNKSt3__14lessIdEclERKdS3_
FN:386,_ZNSt3__117reference_wrapperINS_7promiseIbEEEC2ERS2_
FN:386,_ZNSt3__117reference_wrapperINS_7promiseIbEEEC1ERS2_
FN:393,_ZNKSt3__117reference_wrapperINS_7promiseIbEEEcvRS2_Ev
FN:516,_ZNSt3__1L3refINS_7promiseIbEEEENS_17reference_wrapperIT_EERS4_
FNDA:27263,_ZNKSt3__14lessIdEclERKdS3_
FNDA:6,_ZNSt3__117reference_wrapperINS_7promiseIbEEEC1ERS2_
FNDA:6,_ZNSt3__117reference_wrapperINS_7promiseIbEEEC2ERS2_
FNDA:6,_ZNKSt3__117reference_wrapperINS_7promiseIbEEEcvRS2_Ev
FNDA:6,_ZNSt3__1L3refINS_7promiseIbEEEENS_17reference_wrapperIT_EERS4_
FNF:5
FNH:5
DA:54,27263
DA:55,27263
DA:386,12
DA:387,12
DA:393,6
DA:516,6
DA:518,6
LF:7
LH:7
end_of_record
SF:/Applications/Xcode.app/Contents/Developer/Toolchains/XcodeDefault.xctoolchain/usr/include/c++/v1/__locale
FN:232,_ZNSt3__1L9use_facetINS_5ctypeIcEEEERKT_RKNS_6localeE
FN:647,_ZNKSt3__15ctypeIcE5widenEc
FNDA:37,_ZNSt3__1L9use_facetINS_5ctypeIcEEEERKT_RKNS_6localeE
FNDA:37,_ZNKSt3__15ctypeIcE5widenEc
FNF:2
FNH:2
DA:232,37
DA:234,37
DA:647,37
DA:649,37
LF:4
LH:4
end_of_record
SF:/Applications/Xcode.app/Contents/Developer/Toolchains/XcodeDefault.xctoolchain/usr/include/c++/v1/__mutex_base
FN:51,_ZNSt3__15mutexC1Ev
FN:51,_ZNSt3__15mutexC2Ev
FN:103,_ZNSt3__110lock_guardINS_5mutexEEC2ERS1_
FN:103,_ZNSt3__110lock_guardINS_5mutexEEC1ERS1_
FN:109,_ZNSt3__110lock_guardINS_5mutexEED1Ev
FN:109,_ZNSt3__110lock_guardINS_5mutexEED2Ev
FN:130,_ZNSt3__111unique_lockINS_5mutexEEC1ERS1_
FN:130,_ZNSt3__111unique_lockINS_5mutexEEC2ERS1_
FN:150,_ZNSt3__111unique_lockINS_5mutexEED2Ev
FN:150,_ZNSt3__111unique_lockINS_5mutexEED1Ev
FN:299,_ZNSt3__118condition_variableC2Ev
FN:299,_ZNSt3__118condition_variableC1Ev
FN:360,_ZNSt3__1L6__ceilINS_6chrono8durationIxNS_5ratioILl1ELl1000000000EEEEExS4_EENS_9enable_ifIXsr13__is_durationIT_EE5valueES7_E4typeENS2_IT0_T1_EE
FN:380,_ZNSt3__118condition_variable10wait_untilINS_6chrono12steady_clockENS2_8durationIxNS_5ratioILl1ELl1000000000EEEEEEENS_9cv_statusERNS_11unique_lockINS_5mutexEEERKNS2_10time_pointIT_T0_EE
FN:404,_ZNSt3__118condition_variable8wait_forIxNS_5ratioILl1ELl1000000000EEEEENS_9cv_statusERNS_11unique_lockINS_5mutexEEERKNS_6chrono8durationIT_T0_EE
FNDA:6,_ZNSt3__15mutexC1Ev
FNDA:6,_ZNSt3__15mutexC2Ev
FNDA:6,_ZNSt3__110lock_guardINS_5mutexEEC1ERS1_
FNDA:6,_ZNSt3__110lock_guardINS_5mutexEEC2ERS1_
FNDA:6,_ZNSt3__110lock_guardINS_5mutexEED1Ev
FNDA:6,_ZNSt3__110lock_guardINS_5mutexEED2Ev
FNDA:12,_ZNSt3__111unique_lockINS_5mutexEEC1ERS1_
FNDA:12,_ZNSt3__111unique_lockINS_5mutexEEC2ERS1_
FNDA:12,_ZNSt3__111unique_lockINS_5mutexEED1Ev
FNDA:12,_ZNSt3__111unique_lockINS_5mutexEED2Ev
FNDA:6,_ZNSt3__118condition_variableC1Ev
FNDA:6,_ZNSt3__118condition_variableC2Ev
FNDA:6,_ZNSt3__1L6__ceilINS_6chrono8durationIxNS_5ratioILl1ELl1000000000EEEEExS4_EENS_9enable_ifIXsr13__is_durationIT_EE5valueES7_E4typeENS2_IT0_T1_EE
FNDA:6,_ZNSt3__118condition_variable10wait_untilINS_6chrono12steady_clockENS2_8durationIxNS_5ratioILl1ELl1000000000EEEEEEENS_9cv_statusERNS_11unique_lockINS_5mutexEEERKNS2_10time_pointIT_T0_EE
FNDA:6,_ZNSt3__118condition_variable8wait_forIxNS_5ratioILl1ELl1000000000EEEEENS_9cv_statusERNS_11unique_lockINS_5mutexEEERKNS_6chrono8durationIT_T0_EE
FNF:15
FNH:15
DA:43,6
DA:51,12
DA:103,12
DA:104,12
DA:109,12
DA:130,24
DA:131,24
DA:150,24
DA:151,12
DA:152,12
DA:153,12
DA:154,24
DA:291,6
DA:299,12
DA:360,6
DA:363,6
DA:364,6
DA:365,0
DA:366,6
DA:380,6
DA:384,6
DA:385,6
DA:404,6
DA:408,6
DA:409,0
DA:412,6
DA:413,6
DA:414,6
DA:415,6
DA:416,6
DA:418,0
DA:419,6
DA:421,6
LF:33
LH:30
end_of_record
SF:/Applications/Xcode.app/Contents/Developer/Toolchains/XcodeDefault.xctoolchain/usr/include/c++/v1/__split_buffer
FN:56,_ZNSt3__114__split_bufferIiRNS_9allocatorIiEEE7__allocEv
FN:58,_ZNSt3__114__split_bufferIiRNS_9allocatorIiEEE9__end_capEv
FN:59,_ZNKSt3__114__split_bufferIiRNS_9allocatorIiEEE9__end_capEv
FN:87,_ZNSt3__114__split_bufferIiRNS_9allocatorIiEEE5clearEv
FN:91,_ZNKSt3__114__split_bufferIiRNS_9allocatorIiEEE8capacityEv
FN:140,_ZNSt3__114__split_bufferIiRNS_9allocatorIiEEE17__destruct_at_endEPi
FN:263,_ZNSt3__114__split_bufferIiRNS_9allocatorIiEEE18__construct_at_endINS_13move_iteratorIPiEEEENS_9enable_ifIXsr21__is_forward_iteratorIT_EE5valueEvE4typeESA_SA_
FN:293,_ZNSt3__114__split_bufferIiRNS_9allocatorIiEEE17__destruct_at_endEPiNS_17integral_constantIbLb0EEE
FN:308,_ZNSt3__114__split_bufferIiRNS_9allocatorIiEEEC1EmmS3_
FN:308,_ZNSt3__114__split_bufferIiRNS_9allocatorIiEEEC2EmmS3_
FN:339,_ZNSt3__114__split_bufferIiRNS_9allocatorIiEEED1Ev
FN:339,_ZNSt3__114__split_bufferIiRNS_9allocatorIiEEED2Ev
FN:532,_ZNSt3__114__split_bufferIiRNS_9allocatorIiEEE9push_backERKi
FNDA:63315,_ZNSt3__114__split_bufferIiRNS_9allocatorIiEEE7__allocEv
FNDA:1985,_ZNSt3__114__split_bufferIiRNS_9allocatorIiEEE9__end_capEv
FNDA:603,_ZNKSt3__114__split_bufferIiRNS_9allocatorIiEEE9__end_capEv
FNDA:665,_ZNSt3__114__split_bufferIiRNS_9allocatorIiEEE5clearEv
FNDA:603,_ZNKSt3__114__split_bufferIiRNS_9allocatorIiEEE8capacityEv
FNDA:665,_ZNSt3__114__split_bufferIiRNS_9allocatorIiEEE17__destruct_at_endEPi
FNDA:0,_ZNSt3__114__split_bufferIiRNS_9allocatorIiEEE18__construct_at_endINS_13move_iteratorIPiEEEENS_9enable_ifIXsr21__is_forward_iteratorIT_EE5valueEvE4typeESA_SA_
FNDA:665,_ZNSt3__114__split_bufferIiRNS_9allocatorIiEEE17__destruct_at_endEPiNS_17integral_constantIbLb0EEE
FNDA:665,_ZNSt3__114__split_bufferIiRNS_9allocatorIiEEEC1EmmS3_
FNDA:665,_ZNSt3__114__split_bufferIiRNS_9allocatorIiEEEC2EmmS3_
FNDA:665,_ZNSt3__114__split_bufferIiRNS_9allocatorIiEEED1Ev
FNDA:665,_ZNSt3__114__split_bufferIiRNS_9allocatorIiEEED2Ev
FNDA:660,_ZNSt3__114__split_bufferIiRNS_9allocatorIiEEE9push_backERKi
FNF:13
FNH:12
DA:56,63315
DA:58,1985
DA:59,603
DA:87,665
DA:88,665
DA:91,603
DA:140,665
DA:141,665
DA:263,0
DA:265,0
DA:266,0
DA:268,0
DA:269,0
DA:270,0
DA:271,0
DA:293,665
DA:295,62052
DA:296,61387
DA:297,665
DA:308,1330
DA:309,665
DA:310,1330
DA:311,665
DA:312,665
DA:313,665
DA:314,1330
DA:339,1330
DA:340,665
DA:341,665
DA:342,665
DA:343,603
DA:344,1330
DA:532,660
DA:534,660
DA:536,0
DA:538,0
DA:539,0
DA:540,0
DA:541,0
DA:542,0
DA:545,0
DA:546,0
DA:547,0
DA:548,0
DA:549,0
DA:550,0
DA:551,0
DA:552,0
DA:553,0
DA:554,0
DA:555,660
DA:556,660
DA:557,660
LF:53
LH:30
end_of_record
SF:/Applications/Xcode.app/Contents/Developer/Toolchains/XcodeDefault.xctoolchain/usr/include/c++/v1/__string
FN:209,_ZNSt3__111char_traitsIcE6assignERcRKc
FN:210,_ZNSt3__111char_traitsIcE2eqEcc
FN:218,_ZNSt3__111char_traitsIcE6lengthEPKc
FN:231,_ZNSt3__111char_traitsIcE7not_eofEi
FN:233,_ZNSt3__111char_traitsIcE12to_char_typeEi
FN:235,_ZNSt3__111char_traitsIcE11to_int_typeEc
FN:237,_ZNSt3__111char_traitsIcE11eq_int_typeEii
FN:239,_ZNSt3__111char_traitsIcE3eofEv
FNDA:772,_ZNSt3__111char_traitsIcE6assignERcRKc
FNDA:0,_ZNSt3__111char_traitsIcE2eqEcc
FNDA:92,_ZNSt3__111char_traitsIcE6lengthEPKc
FNDA:0,_ZNSt3__111char_traitsIcE7not_eofEi
FNDA:0,_ZNSt3__111char_traitsIcE12to_char_typeEi
FNDA:60,_ZNSt3__111char_traitsIcE11to_int_typeEc
FNDA:443,_ZNSt3__111char_traitsIcE11eq_int_typeEii
FNDA:495,_ZNSt3__111char_traitsIcE3eofEv
FNF:8
FNH:5
DA:209,772
DA:210,0
DA:211,0
DA:218,92
DA:231,0
DA:232,0
DA:233,0
DA:234,0
DA:235,60
DA:236,60
DA:237,443
DA:238,443
DA:239,495
DA:240,495
LF:14
LH:8
end_of_record
SF:/Applications/Xcode.app/Contents/Developer/Toolchains/XcodeDefault.xctoolchain/usr/include/c++/v1/__threading_support
FN:325,_ZNSt3__1L22__libcpp_thread_createEPP17_opaque_pthread_tPFPvS3_ES3_
FN:389,_ZNSt3__1L16__libcpp_tls_setEmPv
FNDA:6,_ZNSt3__1L22__libcpp_thread_createEPP17_opaque_pthread_tPFPvS3_ES3_
FNDA:6,_ZNSt3__1L16__libcpp_tls_setEmPv
FNF:2
FNH:2
DA:325,6
DA:328,6
DA:389,6
DA:391,6
LF:4
LH:4
end_of_record
SF:/Applications/Xcode.app/Contents/Developer/Toolchains/XcodeDefault.xctoolchain/usr/include/c++/v1/__tree
FN:73,_ZNSt3__1L20__tree_is_left_childIPNS_16__tree_node_baseIPvEEEEbT_
FN:139,_ZNSt3__1L10__tree_minIPNS_16__tree_node_baseIPvEEEET_S5_
FN:174,_ZNSt3__1L16__tree_next_iterIPNS_15__tree_end_nodeIPNS_16__tree_node_baseIPvEEEES5_EET_T0_
FN:227,_ZNSt3__118__tree_left_rotateIPNS_16__tree_node_baseIPvEEEEvT_
FN:247,_ZNSt3__119__tree_right_rotateIPNS_16__tree_node_baseIPvEEEEvT_
FN:272,_ZNSt3__127__tree_balance_after_insertIPNS_16__tree_node_baseIPvEEEEvT_S5_
FN:609,_ZNSt3__122__tree_key_value_typesINS_12__value_typeIdNS_10shared_ptrIiEEEEE9__get_ptrERS4_
FN:713,_ZNSt3__115__tree_end_nodeIPNS_16__tree_node_baseIPvEEEC2Ev
FN:713,_ZNSt3__115__tree_end_nodeIPNS_16__tree_node_baseIPvEEEC1Ev
FN:731,_ZNKSt3__116__tree_node_baseIPvE15__parent_unsafeEv
FN:734,_ZNSt3__116__tree_node_baseIPvE12__set_parentEPS2_
FN:778,_ZNSt3__122__tree_node_destructorINS_9allocatorINS_11__tree_nodeINS_12__value_typeIdNS_10shared_ptrIiEEEEPvEEEEEC2ERS9_b
FN:778,_ZNSt3__122__tree_node_destructorINS_9allocatorINS_11__tree_nodeINS_12__value_typeIdNS_10shared_ptrIiEEEEPvEEEEEC1ERS9_b
FN:784,_ZNSt3__122__tree_node_destructorINS_9allocatorINS_11__tree_nodeINS_12__value_typeIdNS_10shared_ptrIiEEEEPvEEEEEclEPS8_
FN:833,_ZNKSt3__115__tree_iteratorINS_12__value_typeIdNS_10shared_ptrIiEEEEPNS_11__tree_nodeIS4_PvEElEptEv
FN:837,_ZNSt3__115__tree_iteratorINS_12__value_typeIdNS_10shared_ptrIiEEEEPNS_11__tree_nodeIS4_PvEElEppEv
FN:857,_ZNSt3__1eqERKNS_15__tree_iteratorINS_12__value_typeIdNS_10shared_ptrIiEEEEPNS_11__tree_nodeIS4_PvEElEESB_
FN:860,_ZNSt3__1neERKNS_15__tree_iteratorINS_12__value_typeIdNS_10shared_ptrIiEEEEPNS_11__tree_nodeIS4_PvEElEESB_
FN:865,_ZNSt3__115__tree_iteratorINS_12__value_typeIdNS_10shared_ptrIiEEEEPNS_11__tree_nodeIS4_PvEElEC2ES8_
FN:865,_ZNSt3__115__tree_iteratorINS_12__value_typeIdNS_10shared_ptrIiEEEEPNS_11__tree_nodeIS4_PvEElEC1ES8_
FN:867,_ZNSt3__115__tree_iteratorINS_12__value_typeIdNS_10shared_ptrIiEEEEPNS_11__tree_nodeIS4_PvEElEC2EPNS_15__tree_end_nodeIPNS_16__tree_node_baseIS6_EEEE
FN:867,_ZNSt3__115__tree_iteratorINS_12__value_typeIdNS_10shared_ptrIiEEEEPNS_11__tree_nodeIS4_PvEElEC1EPNS_15__tree_end_nodeIPNS_16__tree_node_baseIS6_EEEE
FN:869,_ZNKSt3__115__tree_iteratorINS_12__value_typeIdNS_10shared_ptrIiEEEEPNS_11__tree_nodeIS4_PvEElE8__get_npEv
FN:957,_ZNSt3__13mapIdNS_10shared_ptrIiEENS_4lessIdEENS_9allocatorINS_4pairIKdS2_EEEEED1Ev
FN:957,_ZNSt3__13mapIdNS_10shared_ptrIiEENS_4lessIdEENS_9allocatorINS_4pairIKdS2_EEEEED2Ev
FN:1032,_ZNSt3__16__treeINS_12__value_typeIdNS_10shared_ptrIiEEEENS_19__map_value_compareIdS4_NS_4lessIdEELb1EEENS_9allocatorIS4_EEE10__end_nodeEv
FN:1039,_ZNKSt3__16__treeINS_12__value_typeIdNS_10shared_ptrIiEEEENS_19__map_value_compareIdS4_NS_4lessIdEELb1EEENS_9allocatorIS4_EEE10__end_nodeEv
FN:1048,_ZNSt3__16__treeINS_12__value_typeIdNS_10shared_ptrIiEEEENS_19__map_value_compareIdS4_NS_4lessIdEELb1EEENS_9allocatorIS4_EEE12__node_allocEv
FN:1054,_ZNSt3__16__treeINS_12__value_typeIdNS_10shared_ptrIiEEEENS_19__map_value_compareIdS4_NS_4lessIdEELb1EEENS_9allocatorIS4_EEE12__begin_nodeEv
FN:1063,_ZNSt3__16__treeINS_12__value_typeIdNS_10shared_ptrIiEEEENS_19__map_value_compareIdS4_NS_4lessIdEELb1EEENS_9allocatorIS4_EEE4sizeEv
FN:1068,_ZNSt3__16__treeINS_12__value_typeIdNS_10shared_ptrIiEEEENS_19__map_value_compareIdS4_NS_4lessIdEELb1EEENS_9allocatorIS4_EEE10value_compEv
FN:1075,_ZNKSt3__16__treeINS_12__value_typeIdNS_10shared_ptrIiEEEENS_19__map_value_compareIdS4_NS_4lessIdEELb1EEENS_9allocatorIS4_EEE6__rootEv
FN:1078,_ZNKSt3__16__treeINS_12__value_typeIdNS_10shared_ptrIiEEEENS_19__map_value_compareIdS4_NS_4lessIdEELb1EEENS_9allocatorIS4_EEE10__root_ptrEv
FN:1113,_ZNSt3__16__treeINS_12__value_typeIdNS_10shared_ptrIiEEEENS_19__map_value_compareIdS4_NS_4lessIdEELb1EEENS_9allocatorIS4_EEE5beginEv
FN:1117,_ZNSt3__16__treeINS_12__value_typeIdNS_10shared_ptrIiEEEENS_19__map_value_compareIdS4_NS_4lessIdEELb1EEENS_9allocatorIS4_EEE3endEv
FN:1520,_ZNSt3__16__treeINS_12__value_typeIdNS_10shared_ptrIiEEEENS_19__map_value_compareIdS4_NS_4lessIdEELb1EEENS_9allocatorIS4_EEEC2ERKS8_
FN:1520,_ZNSt3__16__treeINS_12__value_typeIdNS_10shared_ptrIiEEEENS_19__map_value_compareIdS4_NS_4lessIdEELb1EEENS_9allocatorIS4_EEEC1ERKS8_
FN:1838,_ZNSt3__16__treeINS_12__value_typeIdNS_10shared_ptrIiEEEENS_19__map_value_compareIdS4_NS_4lessIdEELb1EEENS_9allocatorIS4_EEED2Ev
FN:1838,_ZNSt3__16__treeINS_12__value_typeIdNS_10shared_ptrIiEEEENS_19__map_value_compareIdS4_NS_4lessIdEELb1EEENS_9allocatorIS4_EEED1Ev
FN:1847,_ZNSt3__16__treeINS_12__value_typeIdNS_10shared_ptrIiEEEENS_19__map_value_compareIdS4_NS_4lessIdEELb1EEENS_9allocatorIS4_EEE7destroyEPNS_11__tree_nodeIS4_PvEE
FN:2019,_ZNSt3__16__treeINS_12__value_typeIdNS_10shared_ptrIiEEEENS_19__map_value_compareIdS4_NS_4lessIdEELb1EEENS_9allocatorIS4_EEE12__find_equalIdEERPNS_16__tree_node_baseIPvEERPNS_15__tree_end_nodeISG_EERKT_
FN:2123,_ZNSt3__16__treeINS_12__value_typeIdNS_10shared_ptrIiEEEENS_19__map_value_compareIdS4_NS_4lessIdEELb1EEENS_9allocatorIS4_EEE16__insert_node_atEPNS_15__tree_end_nodeIPNS_16__tree_node_baseIPvEEEERSG_SG_
FN:2142,_ZNSt3__16__treeINS_12__value_typeIdNS_10shared_ptrIiEEEENS_19__map_value_compareIdS4_NS_4lessIdEELb1EEENS_9allocatorIS4_EEE25__emplace_unique_key_argsIdJRKNS_21piecewise_construct_tENS_5tupleIJRKdEEENSG_IJEEEEEENS_4pairINS_15__tree_iteratorIS4_PNS_11__tree_nodeIS4_PvEElEEbEERKT_DpOT0_
FN:2206,_ZNSt3__16__treeINS_12__value_typeIdNS_10shared_ptrIiEEEENS_19__map_value_compareIdS4_NS_4lessIdEELb1EEENS_9allocatorIS4_EEE16__construct_nodeIJRKNS_21piecewise_construct_tENS_5tupleIJRKdEEENSG_IJEEEEEENS_10unique_ptrINS_11__tree_nodeIS4_PvEENS_22__tree_node_destructorINS9_ISO_EEEEEEDpOT_
FNDA:2870,_ZNSt3__1L20__tree_is_left_childIPNS_16__tree_node_baseIPvEEEEbT_
FNDA:496,_ZNSt3__1L10__tree_minIPNS_16__tree_node_baseIPvEEEET_S5_
FNDA:1000,_ZNSt3__1L16__tree_next_iterIPNS_15__tree_end_nodeIPNS_16__tree_node_baseIPvEEEES5_EET_T0_
FNDA:295,_ZNSt3__118__tree_left_rotateIPNS_16__tree_node_baseIPvEEEEvT_
FNDA:277,_ZNSt3__119__tree_right_rotateIPNS_16__tree_node_baseIPvEEEEvT_
FNDA:1000,_ZNSt3__127__tree_balance_after_insertIPNS_16__tree_node_baseIPvEEEEvT_S5_
FNDA:2000,_ZNSt3__122__tree_key_value_typesINS_12__value_typeIdNS_10shared_ptrIiEEEEE9__get_ptrERS4_
FNDA:1,_ZNSt3__115__tree_end_nodeIPNS_16__tree_node_baseIPvEEEC1Ev
FNDA:1,_ZNSt3__115__tree_end_nodeIPNS_16__tree_node_baseIPvEEEC2Ev
FNDA:6541,_ZNKSt3__116__tree_node_baseIPvE15__parent_unsafeEv
FNDA:715,_ZNSt3__116__tree_node_baseIPvE12__set_parentEPS2_
FNDA:1000,_ZNSt3__122__tree_node_destructorINS_9allocatorINS_11__tree_nodeINS_12__value_typeIdNS_10shared_ptrIiEEEEPvEEEEEC1ERS9_b
FNDA:1000,_ZNSt3__122__tree_node_destructorINS_9allocatorINS_11__tree_nodeINS_12__value_typeIdNS_10shared_ptrIiEEEEPvEEEEEC2ERS9_b
FNDA:0,_ZNSt3__122__tree_node_destructorINS_9allocatorINS_11__tree_nodeINS_12__value_typeIdNS_10shared_ptrIiEEEEPvEEEEEclEPS8_
FNDA:3000,_ZNKSt3__115__tree_iteratorINS_12__value_typeIdNS_10shared_ptrIiEEEEPNS_11__tree_nodeIS4_PvEElEptEv
FNDA:1000,_ZNSt3__115__tree_iteratorINS_12__value_typeIdNS_10shared_ptrIiEEEEPNS_11__tree_nodeIS4_PvEElEppEv
FNDA:1001,_ZNSt3__1eqERKNS_15__tree_iteratorINS_12__value_typeIdNS_10shared_ptrIiEEEEPNS_11__tree_nodeIS4_PvEElEESB_
FNDA:1001,_ZNSt3__1neERKNS_15__tree_iteratorINS_12__value_typeIdNS_10shared_ptrIiEEEEPNS_11__tree_nodeIS4_PvEElEESB_
FNDA:2000,_ZNSt3__115__tree_iteratorINS_12__value_typeIdNS_10shared_ptrIiEEEEPNS_11__tree_nodeIS4_PvEElEC1ES8_
FNDA:2000,_ZNSt3__115__tree_iteratorINS_12__value_typeIdNS_10shared_ptrIiEEEEPNS_11__tree_nodeIS4_PvEElEC2ES8_
FNDA:2,_ZNSt3__115__tree_iteratorINS_12__value_typeIdNS_10shared_ptrIiEEEEPNS_11__tree_nodeIS4_PvEElEC1EPNS_15__tree_end_nodeIPNS_16__tree_node_baseIS6_EEEE
FNDA:2,_ZNSt3__115__tree_iteratorINS_12__value_typeIdNS_10shared_ptrIiEEEEPNS_11__tree_nodeIS4_PvEElEC2EPNS_15__tree_end_nodeIPNS_16__tree_node_baseIS6_EEEE
FNDA:3000,_ZNKSt3__115__tree_iteratorINS_12__value_typeIdNS_10shared_ptrIiEEEEPNS_11__tree_nodeIS4_PvEElE8__get_npEv
FNDA:1,_ZNSt3__13mapIdNS_10shared_ptrIiEENS_4lessIdEENS_9allocatorINS_4pairIKdS2_EEEEED1Ev
FNDA:1,_ZNSt3__13mapIdNS_10shared_ptrIiEENS_4lessIdEENS_9allocatorINS_4pairIKdS2_EEEEED2Ev
FNDA:1003,_ZNSt3__16__treeINS_12__value_typeIdNS_10shared_ptrIiEEEENS_19__map_value_compareIdS4_NS_4lessIdEELb1EEENS_9allocatorIS4_EEE10__end_nodeEv
FNDA:4001,_ZNKSt3__16__treeINS_12__value_typeIdNS_10shared_ptrIiEEEENS_19__map_value_compareIdS4_NS_4lessIdEELb1EEENS_9allocatorIS4_EEE10__end_nodeEv
FNDA:2000,_ZNSt3__16__treeINS_12__value_typeIdNS_10shared_ptrIiEEEENS_19__map_value_compareIdS4_NS_4lessIdEELb1EEENS_9allocatorIS4_EEE12__node_allocEv
FNDA:1020,_ZNSt3__16__treeINS_12__value_typeIdNS_10shared_ptrIiEEEENS_19__map_value_compareIdS4_NS_4lessIdEELb1EEENS_9allocatorIS4_EEE12__begin_nodeEv
FNDA:1000,_ZNSt3__16__treeINS_12__value_typeIdNS_10shared_ptrIiEEEENS_19__map_value_compareIdS4_NS_4lessIdEELb1EEENS_9allocatorIS4_EEE4sizeEv
FNDA:27263,_ZNSt3__16__treeINS_12__value_typeIdNS_10shared_ptrIiEEEENS_19__map_value_compareIdS4_NS_4lessIdEELb1EEENS_9allocatorIS4_EEE10value_compEv
FNDA:2001,_ZNKSt3__16__treeINS_12__value_typeIdNS_10shared_ptrIiEEEENS_19__map_value_compareIdS4_NS_4lessIdEELb1EEENS_9allocatorIS4_EEE6__rootEv
FNDA:2000,_ZNKSt3__16__treeINS_12__value_typeIdNS_10shared_ptrIiEEEENS_19__map_value_compareIdS4_NS_4lessIdEELb1EEENS_9allocatorIS4_EEE10__root_ptrEv
FNDA:1,_ZNSt3__16__treeINS_12__value_typeIdNS_10shared_ptrIiEEEENS_19__map_value_compareIdS4_NS_4lessIdEELb1EEENS_9allocatorIS4_EEE5beginEv
FNDA:1,_ZNSt3__16__treeINS_12__value_typeIdNS_10shared_ptrIiEEEENS_19__map_value_compareIdS4_NS_4lessIdEELb1EEENS_9allocatorIS4_EEE3endEv
FNDA:1,_ZNSt3__16__treeINS_12__value_typeIdNS_10shared_ptrIiEEEENS_19__map_value_compareIdS4_NS_4lessIdEELb1EEENS_9allocatorIS4_EEEC1ERKS8_
FNDA:1,_ZNSt3__16__treeINS_12__value_typeIdNS_10shared_ptrIiEEEENS_19__map_value_compareIdS4_NS_4lessIdEELb1EEENS_9allocatorIS4_EEEC2ERKS8_
FNDA:1,_ZNSt3__16__treeINS_12__value_typeIdNS_10shared_ptrIiEEEENS_19__map_value_compareIdS4_NS_4lessIdEELb1EEENS_9allocatorIS4_EEED1Ev
FNDA:1,_ZNSt3__16__treeINS_12__value_typeIdNS_10shared_ptrIiEEEENS_19__map_value_compareIdS4_NS_4lessIdEELb1EEENS_9allocatorIS4_EEED2Ev
FNDA:2001,_ZNSt3__16__treeINS_12__value_typeIdNS_10shared_ptrIiEEEENS_19__map_value_compareIdS4_NS_4lessIdEELb1EEENS_9allocatorIS4_EEE7destroyEPNS_11__tree_nodeIS4_PvEE
FNDA:2000,_ZNSt3__16__treeINS_12__value_typeIdNS_10shared_ptrIiEEEENS_19__map_value_compareIdS4_NS_4lessIdEELb1EEENS_9allocatorIS4_EEE12__find_equalIdEERPNS_16__tree_node_baseIPvEERPNS_15__tree_end_nodeISG_EERKT_
FNDA:1000,_ZNSt3__16__treeINS_12__value_typeIdNS_10shared_ptrIiEEEENS_19__map_value_compareIdS4_NS_4lessIdEELb1EEENS_9allocatorIS4_EEE16__insert_node_atEPNS_15__tree_end_nodeIPNS_16__tree_node_baseIPvEEEERSG_SG_
FNDA:2000,_ZNSt3__16__treeINS_12__value_typeIdNS_10shared_ptrIiEEEENS_19__map_value_compareIdS4_NS_4lessIdEELb1EEENS_9allocatorIS4_EEE25__emplace_unique_key_argsIdJRKNS_21piecewise_construct_tENS_5tupleIJRKdEEENSG_IJEEEEEENS_4pairINS_15__tree_iteratorIS4_PNS_11__tree_nodeIS4_PvEElEEbEERKT_DpOT0_
FNDA:1000,_ZNSt3__16__treeINS_12__value_typeIdNS_10shared_ptrIiEEEENS_19__map_value_compareIdS4_NS_4lessIdEELb1EEENS_9allocatorIS4_EEE16__construct_nodeIJRKNS_21piecewise_construct_tENS_5tupleIJRKdEEENSG_IJEEEEEENS_10unique_ptrINS_11__tree_nodeIS4_PvEENS_22__tree_node_destructorINS9_ISO_EEEEEEDpOT_
FNF:44
FNH:43
DA:73,2870
DA:75,2870
DA:139,496
DA:141,989
DA:142,493
DA:143,496
DA:174,1000
DA:176,1000
DA:177,496
DA:178,1000
DA:179,496
DA:180,504
DA:181,1000
DA:227,295
DA:229,295
DA:230,295
DA:231,295
DA:232,74
DA:233,295
DA:234,295
DA:235,192
DA:237,103
DA:238,295
DA:239,295
DA:240,295
DA:247,277
DA:249,277
DA:250,277
DA:251,277
DA:252,69
DA:253,277
DA:254,277
DA:255,98
DA:257,179
DA:258,277
DA:259,277
DA:260,277
DA:272,1000
DA:274,1000
DA:275,1516
DA:278,907
DA:280,444
DA:281,444
DA:283,261
DA:284,261
DA:285,261
DA:286,261
DA:287,261
DA:288,261
DA:291,183
DA:293,87
DA:294,87
DA:295,87
DA:296,183
DA:297,183
DA:298,183
DA:299,183
DA:300,183
DA:301,183
DA:303,261
DA:306,463
DA:307,463
DA:309,255
DA:310,255
DA:311,255
DA:312,255
DA:313,255
DA:314,255
DA:317,208
DA:319,94
DA:320,94
DA:321,94
DA:322,208
DA:323,208
DA:324,208
DA:325,208
DA:326,208
DA:327,208
DA:331,1000
DA:609,2000
DA:610,2000
DA:713,2
DA:731,6541
DA:734,715
DA:735,715
DA:736,715
DA:778,2000
DA:779,1000
DA:780,1000
DA:781,2000
DA:784,0
DA:786,0
DA:787,0
DA:788,0
DA:789,0
DA:790,0
DA:833,3000
DA:834,3000
DA:837,1000
DA:838,1000
DA:839,1000
DA:840,1000
DA:857,1001
DA:858,1001
DA:860,1001
DA:861,1001
DA:865,4000
DA:867,4
DA:869,3000
DA:957,2
DA:1032,1003
DA:1034,1003
DA:1035,1003
DA:1039,4001
DA:1041,4001
DA:1042,4001
DA:1043,4001
DA:1048,2000
DA:1054,1020
DA:1063,1000
DA:1068,27263
DA:1075,2001
DA:1076,2001
DA:1078,2000
DA:1079,2000
DA:1085,1
DA:1113,1
DA:1117,1
DA:1520,2
DA:1524,1
DA:1525,1
DA:1526,1
DA:1527,2
DA:1838,2
DA:1839,1
DA:1842,1
DA:1843,2
DA:1847,2001
DA:1849,2001
DA:1851,1000
DA:1852,1000
DA:1853,1000
DA:1854,1000
DA:1855,1000
DA:1856,1000
DA:1857,2001
DA:2019,2000
DA:2022,2000
DA:2023,2000
DA:2024,2000
DA:2026,17985
DA:2028,17985
DA:2030,8707
DA:2031,8217
DA:2032,8217
DA:2033,8217
DA:2034,490
DA:2035,490
DA:2037,8217
DA:2038,9278
DA:2040,8278
DA:2041,7769
DA:2042,7769
DA:2043,7769
DA:2044,509
DA:2045,509
DA:2047,7769
DA:2050,1000
DA:2051,1000
DA:2055,1
DA:2056,1
DA:2057,2000
DA:2123,1000
DA:2127,1000
DA:2128,1000
DA:2129,1000
DA:2131,1000
DA:2132,1000
DA:2133,9
DA:2134,1000
DA:2135,1000
DA:2136,1000
DA:2142,2000
DA:2151,2000
DA:2152,2000
DA:2153,2000
DA:2154,2000
DA:2157,1000
DA:2161,1000
DA:2162,1000
DA:2163,1000
DA:2164,1000
DA:2165,2000
DA:2206,1000
DA:2210,1000
DA:2211,1000
DA:2212,1000
DA:2213,1000
DA:2214,1000
DA:2215,1000
LF:200
LH:194
end_of_record
SF:/Applications/Xcode.app/Contents/Developer/Toolchains/XcodeDefault.xctoolchain/usr/include/c++/v1/algorithm
FN:716,_ZNKSt3__16__lessIiiEclERKiS3_
FN:716,_ZNKSt3__16__lessIPcS1_EclERKS1_S4_
FN:716,_ZNKSt3__16__lessImmEclERKmS3_
FN:1583,_ZNSt3__1L13__unwrap_iterIPiEET_S2_
FN:1787,_ZNSt3__1L6__moveIiiEENS_9enable_ifIXaasr7is_sameINS_12remove_constIT_E4typeET0_EE5valuesr28is_trivially_copy_assignableIS6_EE5valueEPS6_E4typeEPS3_SA_S7_
FN:1798,_ZNSt3__1L4moveIPiS1_EET0_T_S3_S2_
FN:1823,_ZNSt3__1L15__move_backwardIiiEENS_9enable_ifIXaasr7is_sameINS_12remove_constIT_E4typeET0_EE5valuesr28is_trivially_copy_assignableIS6_EE5valueEPS6_E4typeEPS3_SA_S7_
FN:1837,_ZNSt3__1L13move_backwardIPiS1_EET0_T_S3_S2_
FN:2454,_ZNSt3__1L3minImNS_6__lessImmEEEERKT_S5_S5_T0_
FN:2462,_ZNSt3__1L3minImEERKT_S3_S3_
FN:2521,_ZNSt3__1L3maxIiNS_6__lessIiiEEEERKT_S5_S5_T0_
FN:2521,_ZNSt3__1L3maxImNS_6__lessImmEEEERKT_S5_S5_T0_
FN:2521,_ZNSt3__1L3maxIPcNS_6__lessIS1_S1_EEEERKT_S6_S6_T0_
FN:2529,_ZNSt3__1L3maxIiEERKT_S3_S3_
FN:2529,_ZNSt3__1L3maxIPcEERKT_S4_S4_
FN:2529,_ZNSt3__1L3maxImEERKT_S3_S3_
FNDA:60,_ZNKSt3__16__lessIPcS1_EclERKS1_S4_
FNDA:1195579,_ZNKSt3__16__lessIiiEclERKiS3_
FNDA:1325,_ZNKSt3__16__lessImmEclERKmS3_
FNDA:177066,_ZNSt3__1L13__unwrap_iterIPiEET_S2_
FNDA:0,_ZNSt3__1L6__moveIiiEENS_9enable_ifIXaasr7is_sameINS_12remove_constIT_E4typeET0_EE5valuesr28is_trivially_copy_assignableIS6_EE5valueEPS6_E4typeEPS3_SA_S7_
FNDA:0,_ZNSt3__1L4moveIPiS1_EET0_T_S3_S2_
FNDA:59022,_ZNSt3__1L15__move_backwardIiiEENS_9enable_ifIXaasr7is_sameINS_12remove_constIT_E4typeET0_EE5valuesr28is_trivially_copy_assignableIS6_EE5valueEPS6_E4typeEPS3_SA_S7_
FNDA:59022,_ZNSt3__1L13move_backwardIPiS1_EET0_T_S3_S2_
FNDA:665,_ZNSt3__1L3minImNS_6__lessImmEEEERKT_S5_S5_T0_
FNDA:665,_ZNSt3__1L3minImEERKT_S3_S3_
FNDA:60,_ZNSt3__1L3maxIPcNS_6__lessIS1_S1_EEEERKT_S6_S6_T0_
FNDA:1195579,_ZNSt3__1L3maxIiNS_6__lessIiiEEEERKT_S5_S5_T0_
FNDA:660,_ZNSt3__1L3maxImNS_6__lessImmEEEERKT_S5_S5_T0_
FNDA:60,_ZNSt3__1L3maxIPcEERKT_S4_S4_
FNDA:1195579,_ZNSt3__1L3maxIiEERKT_S3_S3_
FNDA:660,_ZNSt3__1L3maxImEERKT_S3_S3_
FNF:16
FNH:14
DA:716,1196964
DA:1583,177066
DA:1585,177066
DA:1787,0
DA:1789,0
DA:1790,0
DA:1791,0
DA:1792,0
DA:1798,0
DA:1800,0
DA:1823,59022
DA:1825,59022
DA:1826,59022
DA:1828,58758
DA:1829,58758
DA:1830,58758
DA:1831,59022
DA:1837,59022
DA:1840,59022
DA:2454,665
DA:2456,665
DA:2462,665
DA:2464,665
DA:2521,1196299
DA:2523,1196299
DA:2529,1196299
DA:2531,1196299
LF:27
LH:20
end_of_record
SF:/Applications/Xcode.app/Contents/Developer/Toolchains/XcodeDefault.xctoolchain/usr/include/c++/v1/chrono
FN:863,_ZNKSt3__16chrono15__duration_castINS0_8durationIxNS_5ratioILl1ELl1000000000EEEEENS2_IeS4_EENS3_ILl1ELl1EEELb1ELb1EEclERKS5_
FN:863,_ZNKSt3__16chrono15__duration_castINS0_8durationIxNS_5ratioILl1ELl1000000000EEEEES5_NS3_ILl1ELl1EEELb1ELb1EEclERKS5_
FN:885,_ZNKSt3__16chrono15__duration_castINS0_8durationIxNS_5ratioILl1ELl1000EEEEENS2_IxNS3_ILl1ELl1000000000EEEEENS3_ILl1000000ELl1EEELb0ELb1EEclERKS5_
FN:885,_ZNKSt3__16chrono15__duration_castINS0_8durationIxNS_5ratioILl1ELl1000000EEEEENS2_IxNS3_ILl1ELl1000000000EEEEENS3_ILl1000ELl1EEELb0ELb1EEclERKS5_
FN:885,_ZNKSt3__16chrono15__duration_castINS0_8durationIxNS_5ratioILl1ELl1000000EEEEENS2_IeNS3_ILl1ELl1000000000EEEEENS3_ILl1000ELl1EEELb0ELb1EEclERKS5_
FN:914,_ZNSt3__16chronoL13duration_castINS0_8durationIeNS_5ratioILl1ELl1000000000EEEEExS4_EENS_9enable_ifIXsr13__is_durationIT_EE5valueES7_E4typeERKNS2_IT0_T1_EE
FN:914,_ZNSt3__16chronoL13duration_castINS0_8durationIxNS_5ratioILl1ELl1000000000EEEEExS4_EENS_9enable_ifIXsr13__is_durationIT_EE5valueES7_E4typeERKNS2_IT0_T1_EE
FN:914,_ZNSt3__16chronoL13duration_castINS0_8durationIeNS_5ratioILl1ELl1000000000EEEEExNS3_ILl1ELl1000000EEEEENS_9enable_ifIXsr13__is_durationIT_EE5valueES8_E4typeERKNS2_IT0_T1_EE
FN:914,_ZNSt3__16chronoL13duration_castINS0_8durationIxNS_5ratioILl1ELl1000000000EEEEExNS3_ILl1ELl1000EEEEENS_9enable_ifIXsr13__is_durationIT_EE5valueES8_E4typeERKNS2_IT0_T1_EE
FN:914,_ZNSt3__16chronoL13duration_castINS0_8durationIxNS_5ratioILl1ELl1000000000EEEEExNS3_ILl1ELl1000000EEEEENS_9enable_ifIXsr13__is_durationIT_EE5valueES8_E4typeERKNS2_IT0_T1_EE
FN:932,_ZNSt3__16chrono15duration_valuesIxE4zeroEv
FN:933,_ZNSt3__16chrono15duration_valuesIxE3maxEv
FN:1044,_ZNSt3__16chrono8durationIeNS_5ratioILl1ELl1000000000EEEEC1IeEERKT_PNS_9enable_ifIXaasr14is_convertibleIS6_eEE5valueooL_ZNS_17integral_constantIbLb1EE5valueEEntsr23treat_as_floating_pointIS6_EE5valueEvE4typeE
FN:1044,_ZNSt3__16chrono8durationIxNS_5ratioILl1ELl1000000000EEEEC1IxEERKT_PNS_9enable_ifIXaasr14is_convertibleIS6_xEE5valueooL_ZNS_17integral_constantIbLb0EE5valueEEntsr23treat_as_floating_pointIS6_EE5valueEvE4typeE
FN:1044,_ZNSt3__16chrono8durationIxNS_5ratioILl1ELl1000EEEEC1IiEERKT_PNS_9enable_ifIXaasr14is_convertibleIS6_xEE5valueooL_ZNS_17integral_constantIbLb0EE5valueEEntsr23treat_as_floating_pointIS6_EE5valueEvE4typeE
FN:1044,_ZNSt3__16chrono8durationIeNS_5ratioILl1ELl1000000000EEEEC2IeEERKT_PNS_9enable_ifIXaasr14is_convertibleIS6_eEE5valueooL_ZNS_17integral_constantIbLb1EE5valueEEntsr23treat_as_floating_pointIS6_EE5valueEvE4typeE
FN:1044,_ZNSt3__16chrono8durationIxNS_5ratioILl1ELl1000EEEEC2IiEERKT_PNS_9enable_ifIXaasr14is_convertibleIS6_xEE5valueooL_ZNS_17integral_constantIbLb0EE5valueEEntsr23treat_as_floating_pointIS6_EE5valueEvE4typeE
FN:1044,_ZNSt3__16chrono8durationIxNS_5ratioILl1ELl1000000000EEEEC2IxEERKT_PNS_9enable_ifIXaasr14is_convertibleIS6_xEE5valueooL_ZNS_17integral_constantIbLb0EE5valueEEntsr23treat_as_floating_pointIS6_EE5valueEvE4typeE
FN:1056,_ZNSt3__16chrono8durationIeNS_5ratioILl1ELl1000000000EEEEC1IxS3_EERKNS1_IT_T0_EEPNS_9enable_ifIXaasr13__no_overflowIS7_S3_EE5valueooL_ZNS_17integral_constantIbLb1EE5valueEEaaeqsr13__no_overflowIS7_S3_E4typeE3denLi1Entsr23treat_as_floating_pointIS6_EE5valueEvE4typeE
FN:1056,_ZNSt3__16chrono8durationIeNS_5ratioILl1ELl1000000000EEEEC2IxNS2_ILl1ELl1000000EEEEERKNS1_IT_T0_EEPNS_9enable_ifIXaasr13__no_overflowIS8_S3_EE5valueooL_ZNS_17integral_constantIbLb1EE5valueEEaaeqsr13__no_overflowIS8_S3_E4typeE3denLi1Entsr23treat_as_floating_pointIS7_EE5valueEvE4typeE
FN:1056,_ZNSt3__16chrono8durationIxNS_5ratioILl1ELl1000000000EEEEC1IxNS2_ILl1ELl1000EEEEERKNS1_IT_T0_EEPNS_9enable_ifIXaasr13__no_overflowIS8_S3_EE5valueooL_ZNS_17integral_constantIbLb0EE5valueEEaaeqsr13__no_overflowIS8_S3_E4typeE3denLi1Entsr23treat_as_floating_pointIS7_EE5valueEvE4typeE
FN:1056,_ZNSt3__16chrono8durationIeNS_5ratioILl1ELl1000000000EEEEC1IxNS2_ILl1ELl1000000EEEEERKNS1_IT_T0_EEPNS_9enable_ifIXaasr13__no_overflowIS8_S3_EE5valueooL_ZNS_17integral_constantIbLb1EE5valueEEaaeqsr13__no_overflowIS8_S3_E4typeE3denLi1Entsr23treat_as_floating_pointIS7_EE5valueEvE4typeE
FN:1056,_ZNSt3__16chrono8durationIxNS_5ratioILl1ELl1000000000EEEEC1IxNS2_ILl1ELl1000000EEEEERKNS1_IT_T0_EEPNS_9enable_ifIXaasr13__no_overflowIS8_S3_EE5valueooL_ZNS_17integral_constantIbLb0EE5valueEEaaeqsr13__no_overflowIS8_S3_E4typeE3denLi1Entsr23treat_as_floating_pointIS7_EE5valueEvE4typeE
FN:1056,_ZNSt3__16chrono8durationIeNS_5ratioILl1ELl1000000000EEEEC2IxS3_EERKNS1_IT_T0_EEPNS_9enable_ifIXaasr13__no_overflowIS7_S3_EE5valueooL_ZNS_17integral_constantIbLb1EE5valueEEaaeqsr13__no_overflowIS7_S3_E4typeE3denLi1Entsr23treat_as_floating_pointIS6_EE5valueEvE4typeE
FN:1056,_ZNSt3__16chrono8durationIxNS_5ratioILl1ELl1000000000EEEEC2IxNS2_ILl1ELl1000000EEEEERKNS1_IT_T0_EEPNS_9enable_ifIXaasr13__no_overflowIS8_S3_EE5valueooL_ZNS_17integral_constantIbLb0EE5valueEEaaeqsr13__no_overflowIS8_S3_E4typeE3denLi1Entsr23treat_as_floating_pointIS7_EE5valueEvE4typeE
FN:1056,_ZNSt3__16chrono8durationIxNS_5ratioILl1ELl1000000000EEEEC2IxNS2_ILl1ELl1000EEEEERKNS1_IT_T0_EEPNS_9enable_ifIXaasr13__no_overflowIS8_S3_EE5valueooL_ZNS_17integral_constantIbLb0EE5valueEEaaeqsr13__no_overflowIS8_S3_E4typeE3denLi1Entsr23treat_as_floating_pointIS7_EE5valueEvE4typeE
FN:1068,_ZNKSt3__16chrono8durationIeNS_5ratioILl1ELl1000000000EEEE5countEv
FN:1068,_ZNKSt3__16chrono8durationIxNS_5ratioILl1ELl1000000000EEEE5countEv
FN:1068,_ZNKSt3__16chrono8durationIxNS_5ratioILl1ELl1000000EEEE5countEv
FN:1068,_ZNKSt3__16chrono8durationIxNS_5ratioILl1ELl1000EEEE5countEv
FN:1074,_ZNSt3__16chrono8durationIxNS_5ratioILl1ELl1000000000EEEEppEv
FN:1089,_ZNSt3__16chrono8durationIxNS_5ratioILl1ELl1000000000EEEE4zeroEv
FN:1091,_ZNSt3__16chrono8durationIxNS_5ratioILl1ELl1000000000EEEE3maxEv
FN:1153,_ZNKSt3__16chrono13__duration_ltINS0_8durationIxNS_5ratioILl1ELl1000000EEEEENS2_IeNS3_ILl1ELl1000000000EEEEEEclERKS5_RKS7_
FN:1164,_ZNKSt3__16chrono13__duration_ltINS0_8durationIxNS_5ratioILl1ELl1000000000EEEEES5_EclERKS5_S8_
FN:1172,_ZNSt3__16chronoltIxNS_5ratioILl1ELl1000000000EEExS3_EEbRKNS0_8durationIT_T0_EERKNS4_IT1_T2_EE
FN:1172,_ZNSt3__16chronoltIxNS_5ratioILl1ELl1000000EEEeNS2_ILl1ELl1000000000EEEEEbRKNS0_8durationIT_T0_EERKNS5_IT1_T2_EE
FN:1194,_ZNSt3__16chronoleIxNS_5ratioILl1ELl1000000000EEExS3_EEbRKNS0_8durationIT_T0_EERKNS4_IT1_T2_EE
FN:1216,_ZNSt3__16chronoplIxNS_5ratioILl1ELl1000000000EEExNS2_ILl1ELl1000EEEEENS_11common_typeIJNS0_8durationIT_T0_EENS6_IT1_T2_EEEE4typeERKS9_RKSC_
FN:1216,_ZNSt3__16chronoplIxNS_5ratioILl1ELl1000000EEExNS2_ILl1ELl1000000000EEEEENS_11common_typeIJNS0_8durationIT_T0_EENS6_IT1_T2_EEEE4typeERKS9_RKSC_
FN:1228,_ZNSt3__16chronomiIeNS_5ratioILl1ELl1000000000EEExS3_EENS_11common_typeIJNS0_8durationIT_T0_EENS5_IT1_T2_EEEE4typeERKS8_RKSB_
FN:1228,_ZNSt3__16chronomiIxNS_5ratioILl1ELl1000000000EEExS3_EENS_11common_typeIJNS0_8durationIT_T0_EENS5_IT1_T2_EEEE4typeERKS8_RKSB_
FN:1354,_ZNSt3__16chrono10time_pointINS0_12system_clockENS0_8durationIeNS_5ratioILl1ELl1000000000EEEEEEC1ERKS6_
FN:1354,_ZNSt3__16chrono10time_pointINS0_12steady_clockENS0_8durationIxNS_5ratioILl1ELl1000000000EEEEEEC2ERKS6_
FN:1354,_ZNSt3__16chrono10time_pointINS0_12system_clockENS0_8durationIeNS_5ratioILl1ELl1000000000EEEEEEC2ERKS6_
FN:1354,_ZNSt3__16chrono10time_pointINS0_12system_clockENS0_8durationIxNS_5ratioILl1ELl1000000000EEEEEEC2ERKS6_
FN:1354,_ZNSt3__16chrono10time_pointINS0_12system_clockENS0_8durationIxNS_5ratioILl1ELl1000000000EEEEEEC1ERKS6_
FN:1354,_ZNSt3__16chrono10time_pointINS0_12steady_clockENS0_8durationIxNS_5ratioILl1ELl1000000000EEEEEEC1ERKS6_
FN:1359,_ZNSt3__16chrono10time_pointINS0_12system_clockENS0_8durationIeNS_5ratioILl1ELl1000000000EEEEEEC2INS3_IxS5_EEEERKNS1_IS2_T_EEPNS_9enable_ifIXsr14is_convertibleISA_S6_EE5valueEvE4typeE
FN:1359,_ZNSt3__16chrono10time_pointINS0_12system_clockENS0_8durationIeNS_5ratioILl1ELl1000000000EEEEEEC1INS3_IxS5_EEEERKNS1_IS2_T_EEPNS_9enable_ifIXsr14is_convertibleISA_S6_EE5valueEvE4typeE
FN:1368,_ZNKSt3__16chrono10time_pointINS0_12system_clockENS0_8durationIxNS_5ratioILl1ELl1000000000EEEEEE16time_since_epochEv
FN:1368,_ZNKSt3__16chrono10time_pointINS0_12system_clockENS0_8durationIxNS_5ratioILl1ELl1000000EEEEEE16time_since_epochEv
FN:1368,_ZNKSt3__16chrono10time_pointINS0_12system_clockENS0_8durationIeNS_5ratioILl1ELl1000000000EEEEEE16time_since_epochEv
FN:1368,_ZNKSt3__16chrono10time_pointINS0_12steady_clockENS0_8durationIxNS_5ratioILl1ELl1000000000EEEEEE16time_since_epochEv
FN:1378,_ZNSt3__16chrono10time_pointINS0_12system_clockENS0_8durationIxNS_5ratioILl1ELl1000000000EEEEEE3maxEv
FN:1475,_ZNSt3__16chronoltINS0_12steady_clockENS0_8durationIxNS_5ratioILl1ELl1000000000EEEEES6_EEbRKNS0_10time_pointIT_T0_EERKNS7_IS8_T1_EE
FN:1475,_ZNSt3__16chronoltINS0_12system_clockENS0_8durationIxNS_5ratioILl1ELl1000000EEEEENS3_IeNS4_ILl1ELl1000000000EEEEEEEbRKNS0_10time_pointIT_T0_EERKNS9_ISA_T1_EE
FN:1485,_ZNSt3__16chronogtINS0_12system_clockENS0_8durationIeNS_5ratioILl1ELl1000000000EEEEENS3_IxNS4_ILl1ELl1000000EEEEEEEbRKNS0_10time_pointIT_T0_EERKNS9_ISA_T1_EE
FN:1515,_ZNSt3__16chronoplINS0_12system_clockENS0_8durationIxNS_5ratioILl1ELl1000000EEEEExNS4_ILl1ELl1000000000EEEEENS0_10time_pointIT_NS_11common_typeIJT0_NS3_IT1_T2_EEEE4typeEEERKNS8_IS9_SB_EERKSE_
FN:1515,_ZNSt3__16chronoplINS0_12steady_clockENS0_8durationIxNS_5ratioILl1ELl1000000000EEEEExNS4_ILl1ELl1000EEEEENS0_10time_pointIT_NS_11common_typeIJT0_NS3_IT1_T2_EEEE4typeEEERKNS8_IS9_SB_EERKSE_
FN:1536,_ZNSt3__16chronomiINS0_12system_clockENS0_8durationIeNS_5ratioILl1ELl1000000000EEEEExS5_EENS0_10time_pointIT_NS_11common_typeIJT0_NS3_IT1_T2_EEEE4typeEEERKNS7_IS8_SA_EERKSD_
FN:1547,_ZNSt3__16chronomiINS0_12steady_clockENS0_8durationIxNS_5ratioILl1ELl1000000000EEEEES6_EENS_11common_typeIJT0_T1_EE4typeERKNS0_10time_pointIT_S8_EERKNSC_ISD_S9_EE
FNDA:12,_ZNKSt3__16chrono15__duration_castINS0_8durationIxNS_5ratioILl1ELl1000000000EEEEENS2_IeS4_EENS3_ILl1ELl1EEELb1ELb1EEclERKS5_
FNDA:6,_ZNKSt3__16chrono15__duration_castINS0_8durationIxNS_5ratioILl1ELl1000000000EEEEES5_NS3_ILl1ELl1EEELb1ELb1EEclERKS5_
FNDA:6,_ZNKSt3__16chrono15__duration_castINS0_8durationIxNS_5ratioILl1ELl1000000EEEEENS2_IeNS3_ILl1ELl1000000000EEEEENS3_ILl1000ELl1EEELb0ELb1EEclERKS5_
FNDA:6,_ZNKSt3__16chrono15__duration_castINS0_8durationIxNS_5ratioILl1ELl1000000EEEEENS2_IxNS3_ILl1ELl1000000000EEEEENS3_ILl1000ELl1EEELb0ELb1EEclERKS5_
FNDA:6,_ZNKSt3__16chrono15__duration_castINS0_8durationIxNS_5ratioILl1ELl1000EEEEENS2_IxNS3_ILl1ELl1000000000EEEEENS3_ILl1000000ELl1EEELb0ELb1EEclERKS5_
FNDA:12,_ZNSt3__16chronoL13duration_castINS0_8durationIeNS_5ratioILl1ELl1000000000EEEEExS4_EENS_9enable_ifIXsr13__is_durationIT_EE5valueES7_E4typeERKNS2_IT0_T1_EE
FNDA:6,_ZNSt3__16chronoL13duration_castINS0_8durationIeNS_5ratioILl1ELl1000000000EEEEExNS3_ILl1ELl1000000EEEEENS_9enable_ifIXsr13__is_durationIT_EE5valueES8_E4typeERKNS2_IT0_T1_EE
FNDA:6,_ZNSt3__16chronoL13duration_castINS0_8durationIxNS_5ratioILl1ELl1000000000EEEEExNS3_ILl1ELl1000000EEEEENS_9enable_ifIXsr13__is_durationIT_EE5valueES8_E4typeERKNS2_IT0_T1_EE
FNDA:6,_ZNSt3__16chronoL13duration_castINS0_8durationIxNS_5ratioILl1ELl1000000000EEEEExS4_EENS_9enable_ifIXsr13__is_durationIT_EE5valueES7_E4typeERKNS2_IT0_T1_EE
FNDA:6,_ZNSt3__16chronoL13duration_castINS0_8durationIxNS_5ratioILl1ELl1000000000EEEEExNS3_ILl1ELl1000EEEEENS_9enable_ifIXsr13__is_durationIT_EE5valueES8_E4typeERKNS2_IT0_T1_EE
FNDA:6,_ZNSt3__16chrono15duration_valuesIxE4zeroEv
FNDA:6,_ZNSt3__16chrono15duration_valuesIxE3maxEv
FNDA:6,_ZNSt3__16chrono8durationIxNS_5ratioILl1ELl1000EEEEC1IiEERKT_PNS_9enable_ifIXaasr14is_convertibleIS6_xEE5valueooL_ZNS_17integral_constantIbLb0EE5valueEEntsr23treat_as_floating_pointIS6_EE5valueEvE4typeE
FNDA:6,_ZNSt3__16chrono8durationIxNS_5ratioILl1ELl1000EEEEC2IiEERKT_PNS_9enable_ifIXaasr14is_convertibleIS6_xEE5valueooL_ZNS_17integral_constantIbLb0EE5valueEEntsr23treat_as_floating_pointIS6_EE5valueEvE4typeE
FNDA:54,_ZNSt3__16chrono8durationIxNS_5ratioILl1ELl1000000000EEEEC1IxEERKT_PNS_9enable_ifIXaasr14is_convertibleIS6_xEE5valueooL_ZNS_17integral_constantIbLb0EE5valueEEntsr23treat_as_floating_pointIS6_EE5valueEvE4typeE
FNDA:54,_ZNSt3__16chrono8durationIxNS_5ratioILl1ELl1000000000EEEEC2IxEERKT_PNS_9enable_ifIXaasr14is_convertibleIS6_xEE5valueooL_ZNS_17integral_constantIbLb0EE5valueEEntsr23treat_as_floating_pointIS6_EE5valueEvE4typeE
FNDA:24,_ZNSt3__16chrono8durationIeNS_5ratioILl1ELl1000000000EEEEC1IeEERKT_PNS_9enable_ifIXaasr14is_convertibleIS6_eEE5valueooL_ZNS_17integral_constantIbLb1EE5valueEEntsr23treat_as_floating_pointIS6_EE5valueEvE4typeE
FNDA:24,_ZNSt3__16chrono8durationIeNS_5ratioILl1ELl1000000000EEEEC2IeEERKT_PNS_9enable_ifIXaasr14is_convertibleIS6_eEE5valueooL_ZNS_17integral_constantIbLb1EE5valueEEntsr23treat_as_floating_pointIS6_EE5valueEvE4typeE
FNDA:12,_ZNSt3__16chrono8durationIeNS_5ratioILl1ELl1000000000EEEEC1IxS3_EERKNS1_IT_T0_EEPNS_9enable_ifIXaasr13__no_overflowIS7_S3_EE5valueooL_ZNS_17integral_constantIbLb1EE5valueEEaaeqsr13__no_overflowIS7_S3_E4typeE3denLi1Entsr23treat_as_floating_pointIS6_EE5valueEvE4typeE
FNDA:12,_ZNSt3__16chrono8durationIeNS_5ratioILl1ELl1000000000EEEEC2IxS3_EERKNS1_IT_T0_EEPNS_9enable_ifIXaasr13__no_overflowIS7_S3_EE5valueooL_ZNS_17integral_constantIbLb1EE5valueEEaaeqsr13__no_overflowIS7_S3_E4typeE3denLi1Entsr23treat_as_floating_pointIS6_EE5valueEvE4typeE
FNDA:6,_ZNSt3__16chrono8durationIeNS_5ratioILl1ELl1000000000EEEEC1IxNS2_ILl1ELl1000000EEEEERKNS1_IT_T0_EEPNS_9enable_ifIXaasr13__no_overflowIS8_S3_EE5valueooL_ZNS_17integral_constantIbLb1EE5valueEEaaeqsr13__no_overflowIS8_S3_E4typeE3denLi1Entsr23treat_as_floating_pointIS7_EE5valueEvE4typeE
FNDA:6,_ZNSt3__16chrono8durationIeNS_5ratioILl1ELl1000000000EEEEC2IxNS2_ILl1ELl1000000EEEEERKNS1_IT_T0_EEPNS_9enable_ifIXaasr13__no_overflowIS8_S3_EE5valueooL_ZNS_17integral_constantIbLb1EE5valueEEaaeqsr13__no_overflowIS8_S3_E4typeE3denLi1Entsr23treat_as_floating_pointIS7_EE5valueEvE4typeE
FNDA:6,_ZNSt3__16chrono8durationIxNS_5ratioILl1ELl1000000000EEEEC1IxNS2_ILl1ELl1000000EEEEERKNS1_IT_T0_EEPNS_9enable_ifIXaasr13__no_overflowIS8_S3_EE5valueooL_ZNS_17integral_constantIbLb0EE5valueEEaaeqsr13__no_overflowIS8_S3_E4typeE3denLi1Entsr23treat_as_floating_pointIS7_EE5valueEvE4typeE
FNDA:6,_ZNSt3__16chrono8durationIxNS_5ratioILl1ELl1000000000EEEEC2IxNS2_ILl1ELl1000000EEEEERKNS1_IT_T0_EEPNS_9enable_ifIXaasr13__no_overflowIS8_S3_EE5valueooL_ZNS_17integral_constantIbLb0EE5valueEEaaeqsr13__no_overflowIS8_S3_E4typeE3denLi1Entsr23treat_as_floating_pointIS7_EE5valueEvE4typeE
FNDA:6,_ZNSt3__16chrono8durationIxNS_5ratioILl1ELl1000000000EEEEC1IxNS2_ILl1ELl1000EEEEERKNS1_IT_T0_EEPNS_9enable_ifIXaasr13__no_overflowIS8_S3_EE5valueooL_ZNS_17integral_constantIbLb0EE5valueEEaaeqsr13__no_overflowIS8_S3_E4typeE3denLi1Entsr23treat_as_floating_pointIS7_EE5valueEvE4typeE
FNDA:6,_ZNSt3__16chrono8durationIxNS_5ratioILl1ELl1000000000EEEEC2IxNS2_ILl1ELl1000EEEEERKNS1_IT_T0_EEPNS_9enable_ifIXaasr13__no_overflowIS8_S3_EE5valueooL_ZNS_17integral_constantIbLb0EE5valueEEaaeqsr13__no_overflowIS8_S3_E4typeE3denLi1Entsr23treat_as_floating_pointIS7_EE5valueEvE4typeE
FNDA:138,_ZNKSt3__16chrono8durationIxNS_5ratioILl1ELl1000000000EEEE5countEv
FNDA:42,_ZNKSt3__16chrono8durationIeNS_5ratioILl1ELl1000000000EEEE5countEv
FNDA:12,_ZNKSt3__16chrono8durationIxNS_5ratioILl1ELl1000000EEEE5countEv
FNDA:6,_ZNKSt3__16chrono8durationIxNS_5ratioILl1ELl1000EEEE5countEv
FNDA:0,_ZNSt3__16chrono8durationIxNS_5ratioILl1ELl1000000000EEEEppEv
FNDA:6,_ZNSt3__16chrono8durationIxNS_5ratioILl1ELl1000000000EEEE4zeroEv
FNDA:6,_ZNSt3__16chrono8durationIxNS_5ratioILl1ELl1000000000EEEE3maxEv
FNDA:6,_ZNKSt3__16chrono13__duration_ltINS0_8durationIxNS_5ratioILl1ELl1000000EEEEENS2_IeNS3_ILl1ELl1000000000EEEEEEclERKS5_RKS7_
FNDA:30,_ZNKSt3__16chrono13__duration_ltINS0_8durationIxNS_5ratioILl1ELl1000000000EEEEES5_EclERKS5_S8_
FNDA:30,_ZNSt3__16chronoltIxNS_5ratioILl1ELl1000000000EEExS3_EEbRKNS0_8durationIT_T0_EERKNS4_IT1_T2_EE
FNDA:6,_ZNSt3__16chronoltIxNS_5ratioILl1ELl1000000EEEeNS2_ILl1ELl1000000000EEEEEbRKNS0_8durationIT_T0_EERKNS5_IT1_T2_EE
FNDA:6,_ZNSt3__16chronoleIxNS_5ratioILl1ELl1000000000EEExS3_EEbRKNS0_8durationIT_T0_EERKNS4_IT1_T2_EE
FNDA:6,_ZNSt3__16chronoplIxNS_5ratioILl1ELl1000000EEExNS2_ILl1ELl1000000000EEEEENS_11common_typeIJNS0_8durationIT_T0_EENS6_IT1_T2_EEEE4typeERKS9_RKSC_
FNDA:6,_ZNSt3__16chronoplIxNS_5ratioILl1ELl1000000000EEExNS2_ILl1ELl1000EEEEENS_11common_typeIJNS0_8durationIT_T0_EENS6_IT1_T2_EEEE4typeERKS9_RKSC_
FNDA:6,_ZNSt3__16chronomiIeNS_5ratioILl1ELl1000000000EEExS3_EENS_11common_typeIJNS0_8durationIT_T0_EENS5_IT1_T2_EEEE4typeERKS8_RKSB_
FNDA:12,_ZNSt3__16chronomiIxNS_5ratioILl1ELl1000000000EEExS3_EENS_11common_typeIJNS0_8durationIT_T0_EENS5_IT1_T2_EEEE4typeERKS8_RKSB_
FNDA:12,_ZNSt3__16chrono10time_pointINS0_12system_clockENS0_8durationIxNS_5ratioILl1ELl1000000000EEEEEEC1ERKS6_
FNDA:12,_ZNSt3__16chrono10time_pointINS0_12system_clockENS0_8durationIxNS_5ratioILl1ELl1000000000EEEEEEC2ERKS6_
FNDA:6,_ZNSt3__16chrono10time_pointINS0_12system_clockENS0_8durationIeNS_5ratioILl1ELl1000000000EEEEEEC1ERKS6_
FNDA:6,_ZNSt3__16chrono10time_pointINS0_12system_clockENS0_8durationIeNS_5ratioILl1ELl1000000000EEEEEEC2ERKS6_
FNDA:6,_ZNSt3__16chrono10time_pointINS0_12steady_clockENS0_8durationIxNS_5ratioILl1ELl1000000000EEEEEEC1ERKS6_
FNDA:6,_ZNSt3__16chrono10time_pointINS0_12steady_clockENS0_8durationIxNS_5ratioILl1ELl1000000000EEEEEEC2ERKS6_
FNDA:6,_ZNSt3__16chrono10time_pointINS0_12system_clockENS0_8durationIeNS_5ratioILl1ELl1000000000EEEEEEC1INS3_IxS5_EEEERKNS1_IS2_T_EEPNS_9enable_ifIXsr14is_convertibleISA_S6_EE5valueEvE4typeE
FNDA:6,_ZNSt3__16chrono10time_pointINS0_12system_clockENS0_8durationIeNS_5ratioILl1ELl1000000000EEEEEEC2INS3_IxS5_EEEERKNS1_IS2_T_EEPNS_9enable_ifIXsr14is_convertibleISA_S6_EE5valueEvE4typeE
FNDA:54,_ZNKSt3__16chrono10time_pointINS0_12steady_clockENS0_8durationIxNS_5ratioILl1ELl1000000000EEEEEE16time_since_epochEv
FNDA:6,_ZNKSt3__16chrono10time_pointINS0_12system_clockENS0_8durationIxNS_5ratioILl1ELl1000000000EEEEEE16time_since_epochEv
FNDA:12,_ZNKSt3__16chrono10time_pointINS0_12system_clockENS0_8durationIxNS_5ratioILl1ELl1000000EEEEEE16time_since_epochEv
FNDA:12,_ZNKSt3__16chrono10time_pointINS0_12system_clockENS0_8durationIeNS_5ratioILl1ELl1000000000EEEEEE16time_since_epochEv
FNDA:6,_ZNSt3__16chrono10time_pointINS0_12system_clockENS0_8durationIxNS_5ratioILl1ELl1000000000EEEEEE3maxEv
FNDA:12,_ZNSt3__16chronoltINS0_12steady_clockENS0_8durationIxNS_5ratioILl1ELl1000000000EEEEES6_EEbRKNS0_10time_pointIT_T0_EERKNS7_IS8_T1_EE
FNDA:6,_ZNSt3__16chronoltINS0_12system_clockENS0_8durationIxNS_5ratioILl1ELl1000000EEEEENS3_IeNS4_ILl1ELl1000000000EEEEEEEbRKNS0_10time_pointIT_T0_EERKNS9_ISA_T1_EE
FNDA:6,_ZNSt3__16chronogtINS0_12system_clockENS0_8durationIeNS_5ratioILl1ELl1000000000EEEEENS3_IxNS4_ILl1ELl1000000EEEEEEEbRKNS0_10time_pointIT_T0_EERKNS9_ISA_T1_EE
FNDA:6,_ZNSt3__16chronoplINS0_12steady_clockENS0_8durationIxNS_5ratioILl1ELl1000000000EEEEExNS4_ILl1ELl1000EEEEENS0_10time_pointIT_NS_11common_typeIJT0_NS3_IT1_T2_EEEE4typeEEERKNS8_IS9_SB_EERKSE_
FNDA:6,_ZNSt3__16chronoplINS0_12system_clockENS0_8durationIxNS_5ratioILl1ELl1000000EEEEExNS4_ILl1ELl1000000000EEEEENS0_10time_pointIT_NS_11common_typeIJT0_NS3_IT1_T2_EEEE4typeEEERKNS8_IS9_SB_EERKSE_
FNDA:6,_ZNSt3__16chronomiINS0_12system_clockENS0_8durationIeNS_5ratioILl1ELl1000000000EEEEExS5_EENS0_10time_pointIT_NS_11common_typeIJT0_NS3_IT1_T2_EEEE4typeEEERKNS7_IS8_SA_EERKSD_
FNDA:12,_ZNSt3__16chronomiINS0_12steady_clockENS0_8durationIxNS_5ratioILl1ELl1000000000EEEEES6_EENS_11common_typeIJT0_T1_EE4typeERKNS0_10time_pointIT_S8_EERKNSC_ISD_S9_EE
FNF:62
FNH:61
DA:863,18
DA:865,18
DA:885,18
DA:888,18
DA:889,18
DA:914,36
DA:916,36
DA:932,6
DA:933,6
DA:1044,168
DA:1051,168
DA:1056,60
DA:1064,60
DA:1068,198
DA:1074,0
DA:1089,6
DA:1091,6
DA:1153,6
DA:1156,6
DA:1164,30
DA:1165,30
DA:1172,36
DA:1174,36
DA:1194,6
DA:1196,6
DA:1216,12
DA:1219,12
DA:1228,18
DA:1231,18
DA:1354,48
DA:1359,12
DA:1364,12
DA:1368,84
DA:1378,6
DA:1475,18
DA:1477,18
DA:1485,6
DA:1487,6
DA:1515,12
DA:1518,12
DA:1536,6
DA:1539,6
DA:1547,12
DA:1549,12
LF:44
LH:43
end_of_record
SF:/Applications/Xcode.app/Contents/Developer/Toolchains/XcodeDefault.xctoolchain/usr/include/c++/v1/exception
FN:101,_ZNSt9exceptionC2Ev
FN:144,_ZNSt13exception_ptrC1Ev
FN:144,_ZNSt13exception_ptrC2Ev
FN:145,_ZNSt13exception_ptrC2EDn
FN:145,_ZNSt13exception_ptrC1EDn
FN:155,_ZSteqRKSt13exception_ptrS1_
FN:159,_ZStneRKSt13exception_ptrS1_
FN:168,_ZStL18make_exception_ptrINSt3__112future_errorEESt13exception_ptrT_
FNDA:1,_ZNSt9exceptionC2Ev
FNDA:6,_ZNSt13exception_ptrC1Ev
FNDA:6,_ZNSt13exception_ptrC2Ev
FNDA:6,_ZNSt13exception_ptrC1EDn
FNDA:6,_ZNSt13exception_ptrC2EDn
FNDA:6,_ZSteqRKSt13exception_ptrS1_
FNDA:6,_ZStneRKSt13exception_ptrS1_
FNDA:0,_ZStL18make_exception_ptrINSt3__112future_errorEESt13exception_ptrT_
FNF:8
FNH:7
DA:101,1
DA:144,12
DA:145,12
DA:155,6
DA:156,6
DA:159,6
DA:160,6
DA:168,0
DA:173,0
DA:174,0
DA:177,0
DA:178,0
DA:183,0
LF:13
LH:7
end_of_record
SF:/Applications/Xcode.app/Contents/Developer/Toolchains/XcodeDefault.xctoolchain/usr/include/c++/v1/future
FN:490,_ZNSt3__1L15make_error_codeENS_11future_errcE
FN:502,_ZNSt3__112future_errorC1ERKS0_
FN:502,_ZNSt3__112future_errorC2ERKS0_
FN:521,_ZNSt3__1L20__throw_future_errorENS_11future_errcE
FN:531,_ZNSt3__117__assoc_sub_stateD2Ev
FN:552,_ZNSt3__117__assoc_sub_stateC2Ev
FN:555,_ZNKSt3__117__assoc_sub_state11__has_valueEv
FN:559,_ZNSt3__117__assoc_sub_state15__attach_futureEv
FN:598,_ZNKSt3__117__assoc_sub_state10wait_untilINS_6chrono12steady_clockENS2_8durationIxNS_5ratioILl1ELl1000000000EEEEEEENS_13future_statusERKNS2_10time_pointIT_T0_EE
FN:613,_ZNKSt3__117__assoc_sub_state8wait_forIxNS_5ratioILl1ELl1000EEEEENS_13future_statusERKNS_6chrono8durationIT_T0_EE
FN:619,_ZNSt3__113__assoc_stateIbED0Ev
FN:619,_ZNSt3__113__assoc_stateIbED2Ev
FN:619,_ZNSt3__113__assoc_stateIbEC1Ev
FN:619,_ZNSt3__113__assoc_stateIbED1Ev
FN:619,_ZNSt3__113__assoc_stateIbEC2Ev
FN:650,_ZNSt3__113__assoc_stateIbE16__on_zero_sharedEv
FN:662,_ZNSt3__113__assoc_stateIbE9set_valueIbEEvOT_
FN:1145,_ZNKSt3__16futureIbE8wait_forIxNS_5ratioILl1ELl1000EEEEENS_13future_statusERKNS_6chrono8durationIT_T0_EE
FN:1155,_ZNSt3__16futureIbEC1EPNS_13__assoc_stateIbEE
FN:1155,_ZNSt3__16futureIbEC2EPNS_13__assoc_stateIbEE
FN:1167,_ZNSt3__16futureIbED2Ev
FN:1167,_ZNSt3__16futureIbED1Ev
FN:1422,_ZNSt3__17promiseIbEC2Ev
FN:1422,_ZNSt3__17promiseIbEC1Ev
FN:1441,_ZNSt3__17promiseIbED2Ev
FN:1441,_ZNSt3__17promiseIbED1Ev
FN:1455,_ZNSt3__17promiseIbE10get_futureEv
FN:1475,_ZNSt3__17promiseIbE9set_valueEOb
FNDA:0,_ZNSt3__1L15make_error_codeENS_11future_errcE
FNDA:0,_ZNSt3__112future_errorC1ERKS0_
FNDA:0,_ZNSt3__112future_errorC2ERKS0_
FNDA:0,_ZNSt3__1L20__throw_future_errorENS_11future_errcE
FNDA:6,_ZNSt3__117__assoc_sub_stateD2Ev
FNDA:6,_ZNSt3__117__assoc_sub_stateC2Ev
FNDA:12,_ZNKSt3__117__assoc_sub_state11__has_valueEv
FNDA:6,_ZNSt3__117__assoc_sub_state15__attach_futureEv
FNDA:6,_ZNKSt3__117__assoc_sub_state10wait_untilINS_6chrono12steady_clockENS2_8durationIxNS_5ratioILl1ELl1000000000EEEEEEENS_13future_statusERKNS2_10time_pointIT_T0_EE
FNDA:6,_ZNKSt3__117__assoc_sub_state8wait_forIxNS_5ratioILl1ELl1000EEEEENS_13future_statusERKNS_6chrono8durationIT_T0_EE
FNDA:6,_ZNSt3__113__assoc_stateIbEC1Ev
FNDA:6,_ZNSt3__113__assoc_stateIbEC2Ev
FNDA:6,_ZNSt3__113__assoc_stateIbED1Ev
FNDA:6,_ZNSt3__113__assoc_stateIbED0Ev
FNDA:6,_ZNSt3__113__assoc_stateIbED2Ev
FNDA:6,_ZNSt3__113__assoc_stateIbE16__on_zero_sharedEv
FNDA:6,_ZNSt3__113__assoc_stateIbE9set_valueIbEEvOT_
FNDA:6,_ZNKSt3__16futureIbE8wait_forIxNS_5ratioILl1ELl1000EEEEENS_13future_statusERKNS_6chrono8durationIT_T0_EE
FNDA:6,_ZNSt3__16futureIbEC1EPNS_13__assoc_stateIbEE
FNDA:6,_ZNSt3__16futureIbEC2EPNS_13__assoc_stateIbEE
FNDA:6,_ZNSt3__16futureIbED1Ev
FNDA:6,_ZNSt3__16futureIbED2Ev
FNDA:6,_ZNSt3__17promiseIbEC1Ev
FNDA:6,_ZNSt3__17promiseIbEC2Ev
FNDA:6,_ZNSt3__17promiseIbED1Ev
FNDA:6,_ZNSt3__17promiseIbED2Ev
FNDA:6,_ZNSt3__17promiseIbE10get_futureEv
FNDA:6,_ZNSt3__17promiseIbE9set_valueEOb
FNF:28
FNH:24
DA:490,0
DA:492,0
DA:502,0
DA:521,0
DA:524,0
DA:529,0
DA:531,6
DA:552,6
DA:555,12
DA:556,12
DA:559,6
DA:560,6
DA:561,6
DA:562,6
DA:563,0
DA:564,6
DA:565,6
DA:566,6
DA:598,6
DA:600,6
DA:601,6
DA:602,0
DA:603,18
DA:604,6
DA:605,6
DA:606,6
DA:607,0
DA:608,6
DA:613,6
DA:615,6
DA:619,30
DA:650,6
DA:652,6
DA:653,6
DA:654,6
DA:655,6
DA:662,6
DA:667,6
DA:668,6
DA:669,0
DA:670,6
DA:671,6
DA:672,6
DA:673,6
DA:1145,6
DA:1146,6
DA:1155,12
DA:1156,6
DA:1157,6
DA:1158,6
DA:1159,12
DA:1167,12
DA:1168,6
DA:1169,6
DA:1170,6
DA:1171,12
DA:1422,12
DA:1423,6
DA:1424,6
DA:1425,12
DA:1441,12
DA:1442,6
DA:1443,6
DA:1445,6
DA:1446,0
DA:1447,0
DA:1449,6
DA:1450,6
DA:1451,12
DA:1455,6
DA:1457,6
DA:1458,0
DA:1459,6
DA:1475,6
DA:1477,6
DA:1478,0
DA:1479,6
DA:1480,6
LF:78
LH:64
end_of_record
SF:/Applications/Xcode.app/Contents/Developer/Toolchains/XcodeDefault.xctoolchain/usr/include/c++/v1/ios
FN:345,_ZNSt3__18ios_baseC2Ev
FN:349,_ZNKSt3__18ios_base5rdbufEv
FN:459,_ZNKSt3__18ios_base5flagsEv
FN:521,_ZNKSt3__18ios_base5widthEv
FN:528,_ZNSt3__18ios_base5widthEl
FN:546,_ZNSt3__18ios_base8setstateEj
FN:633,_ZNSt3__19basic_iosIcNS_11char_traitsIcEEE8setstateEj
FN:675,_ZNSt3__19basic_iosIcNS_11char_traitsIcEEEC2Ev
FN:710,_ZNSt3__19basic_iosIcNS_11char_traitsIcEEE4initEPNS_15basic_streambufIcS2_EE
FN:738,_ZNKSt3__19basic_iosIcNS_11char_traitsIcEEE5rdbufEv
FN:776,_ZNKSt3__19basic_iosIcNS_11char_traitsIcEEE5widenEc
FN:784,_ZNKSt3__19basic_iosIcNS_11char_traitsIcEEE4fillEv
FNDA:0,_ZNSt3__18ios_baseC2Ev
FNDA:383,_ZNKSt3__18ios_base5rdbufEv
FNDA:383,_ZNKSt3__18ios_base5flagsEv
FNDA:383,_ZNKSt3__18ios_base5widthEv
FNDA:383,_ZNSt3__18ios_base5widthEl
FNDA:0,_ZNSt3__18ios_base8setstateEj
FNDA:0,_ZNSt3__19basic_iosIcNS_11char_traitsIcEEE8setstateEj
FNDA:0,_ZNSt3__19basic_iosIcNS_11char_traitsIcEEEC2Ev
FNDA:0,_ZNSt3__19basic_iosIcNS_11char_traitsIcEEE4initEPNS_15basic_streambufIcS2_EE
FNDA:383,_ZNKSt3__19basic_iosIcNS_11char_traitsIcEEE5rdbufEv
FNDA:37,_ZNKSt3__19basic_iosIcNS_11char_traitsIcEEE5widenEc
FNDA:383,_ZNKSt3__19basic_iosIcNS_11char_traitsIcEEE4fillEv
FNF:12
FNH:7
DA:345,0
DA:346,0
DA:349,383
DA:459,383
DA:461,383
DA:521,383
DA:523,383
DA:528,383
DA:530,383
DA:531,383
DA:532,383
DA:546,0
DA:548,0
DA:549,0
DA:633,0
DA:675,0
DA:676,0
DA:710,0
DA:712,0
DA:713,0
DA:714,0
DA:715,0
DA:738,383
DA:740,383
DA:776,37
DA:778,37
DA:779,0
DA:784,383
DA:786,383
DA:787,37
DA:788,383
LF:31
LH:17
end_of_record
SF:/Applications/Xcode.app/Contents/Developer/Toolchains/XcodeDefault.xctoolchain/usr/include/c++/v1/iosfwd
FN:131,_ZNSt3__115basic_stringbufIcNS_11char_traitsIcEENS_9allocatorIcEEED2Ev
FN:131,_ZNSt3__115basic_stringbufIcNS_11char_traitsIcEENS_9allocatorIcEEED1Ev
FN:131,_ZNSt3__115basic_stringbufIcNS_11char_traitsIcEENS_9allocatorIcEEED0Ev
FN:140,_ZNSt3__118basic_stringstreamIcNS_11char_traitsIcEENS_9allocatorIcEEED1Ev
FN:140,_ZNSt3__118basic_stringstreamIcNS_11char_traitsIcEENS_9allocatorIcEEED2Ev
FN:140,_ZNSt3__118basic_stringstreamIcNS_11char_traitsIcEENS_9allocatorIcEEED0Ev
FNDA:52,_ZNSt3__115basic_stringbufIcNS_11char_traitsIcEENS_9allocatorIcEEED1Ev
FNDA:0,_ZNSt3__115basic_stringbufIcNS_11char_traitsIcEENS_9allocatorIcEEED0Ev
FNDA:52,_ZNSt3__115basic_stringbufIcNS_11char_traitsIcEENS_9allocatorIcEEED2Ev
FNDA:52,_ZNSt3__118basic_stringstreamIcNS_11char_traitsIcEENS_9allocatorIcEEED1Ev
FNDA:52,_ZNSt3__118basic_stringstreamIcNS_11char_traitsIcEENS_9allocatorIcEEED0Ev
FNDA:52,_ZNSt3__118basic_stringstreamIcNS_11char_traitsIcEENS_9allocatorIcEEED2Ev
FNF:6
FNH:5
DA:131,104
DA:140,156
LF:2
LH:2
end_of_record
SF:/Applications/Xcode.app/Contents/Developer/Toolchains/XcodeDefault.xctoolchain/usr/include/c++/v1/istream
FN:191,_ZNSt3__113basic_istreamIcNS_11char_traitsIcEEEC2EPNS_15basic_streambufIcS2_EE
FN:1408,_ZNSt3__114basic_iostreamIcNS_11char_traitsIcEEEC2EPNS_15basic_streambufIcS2_EE
FNDA:0,_ZNSt3__113basic_istreamIcNS_11char_traitsIcEEEC2EPNS_15basic_streambufIcS2_EE
FNDA:0,_ZNSt3__114basic_iostreamIcNS_11char_traitsIcEEEC2EPNS_15basic_streambufIcS2_EE
FNF:2
FNH:0
DA:191,0
DA:192,0
DA:1408,0
DA:1409,0
DA:1410,0
LF:5
LH:0
end_of_record
SF:/Applications/Xcode.app/Contents/Developer/Toolchains/XcodeDefault.xctoolchain/usr/include/c++/v1/iterator
FN:600,_ZNSt3__1L10__distanceIPcEENS_15iterator_traitsIT_E15difference_typeES3_S3_NS_26random_access_iterator_tagE
FN:608,_ZNSt3__1L8distanceIPcEENS_15iterator_traitsIT_E15difference_typeES3_S3_
FN:1067,_ZNSt3__119ostreambuf_iteratorIcNS_11char_traitsIcEEEC1ERNS_13basic_ostreamIcS2_EE
FN:1067,_ZNSt3__119ostreambuf_iteratorIcNS_11char_traitsIcEEEC2ERNS_13basic_ostreamIcS2_EE
FN:1080,_ZNKSt3__119ostreambuf_iteratorIcNS_11char_traitsIcEEE6failedEv
FN:1121,_ZNSt3__113move_iteratorIPiEC1ES1_
FN:1121,_ZNSt3__113move_iteratorIPiEC2ES1_
FN:1125,_ZNKSt3__113move_iteratorIPiE4baseEv
FN:1127,_ZNKSt3__113move_iteratorIPiEdeEv
FN:1131,_ZNSt3__113move_iteratorIPiEppEv
FN:1169,_ZNSt3__1neIPiS1_EEbRKNS_13move_iteratorIT_EERKNS2_IT0_EE
FN:1337,_ZNSt3__111__wrap_iterIPKiEC1IPiEERKNS0_IT_EEPNS_9enable_ifIXsr14is_convertibleIS6_S2_EE5valueEvE4typeE
FN:1337,_ZNSt3__111__wrap_iterIPKiEC2IPiEERKNS0_IT_EEPNS_9enable_ifIXsr14is_convertibleIS6_S2_EE5valueEvE4typeE
FN:1368,_ZNKSt3__111__wrap_iterIPiEdeEv
FN:1384,_ZNSt3__111__wrap_iterIPiEppEv
FN:1407,_ZNKSt3__111__wrap_iterIPiEplEl
FN:1409,_ZNSt3__111__wrap_iterIPiEpLEl
FN:1431,_ZNKSt3__111__wrap_iterIPiE4baseEv
FN:1431,_ZNKSt3__111__wrap_iterIPKiE4baseEv
FN:1440,_ZNSt3__111__wrap_iterIPiEC2ES1_
FN:1440,_ZNSt3__111__wrap_iterIPiEC1ES1_
FN:1525,_ZNSt3__1eqIPiS1_EEbRKNS_11__wrap_iterIT_EERKNS2_IT0_EE
FN:1577,_ZNSt3__1neIPiEEbRKNS_11__wrap_iterIT_EES6_
FN:1610,_ZNSt3__1miIPKiPiEEDTmicldtfp_4baseEcldtfp0_4baseEERKNS_11__wrap_iterIT_EERKNS5_IT0_EE
FNDA:52,_ZNSt3__1L10__distanceIPcEENS_15iterator_traitsIT_E15difference_typeES3_S3_NS_26random_access_iterator_tagE
FNDA:52,_ZNSt3__1L8distanceIPcEENS_15iterator_traitsIT_E15difference_typeES3_S3_
FNDA:383,_ZNSt3__119ostreambuf_iteratorIcNS_11char_traitsIcEEEC1ERNS_13basic_ostreamIcS2_EE
FNDA:383,_ZNSt3__119ostreambuf_iteratorIcNS_11char_traitsIcEEEC2ERNS_13basic_ostreamIcS2_EE
FNDA:383,_ZNKSt3__119ostreambuf_iteratorIcNS_11char_traitsIcEEE6failedEv
FNDA:0,_ZNSt3__113move_iteratorIPiEC1ES1_
FNDA:0,_ZNSt3__113move_iteratorIPiEC2ES1_
FNDA:0,_ZNKSt3__113move_iteratorIPiE4baseEv
FNDA:0,_ZNKSt3__113move_iteratorIPiEdeEv
FNDA:0,_ZNSt3__113move_iteratorIPiEppEv
FNDA:0,_ZNSt3__1neIPiS1_EEbRKNS_13move_iteratorIT_EERKNS2_IT0_EE
FNDA:60000,_ZNSt3__111__wrap_iterIPKiEC1IPiEERKNS0_IT_EEPNS_9enable_ifIXsr14is_convertibleIS6_S2_EE5valueEvE4typeE
FNDA:60000,_ZNSt3__111__wrap_iterIPKiEC2IPiEERKNS0_IT_EEPNS_9enable_ifIXsr14is_convertibleIS6_S2_EE5valueEvE4typeE
FNDA:40000,_ZNKSt3__111__wrap_iterIPiEdeEv
FNDA:40000,_ZNSt3__111__wrap_iterIPiEppEv
FNDA:60000,_ZNKSt3__111__wrap_iterIPiEplEl
FNDA:60000,_ZNSt3__111__wrap_iterIPiEpLEl
FNDA:60000,_ZNKSt3__111__wrap_iterIPKiE4baseEv
FNDA:200080,_ZNKSt3__111__wrap_iterIPiE4baseEv
FNDA:180080,_ZNSt3__111__wrap_iterIPiEC1ES1_
FNDA:180080,_ZNSt3__111__wrap_iterIPiEC2ES1_
FNDA:40040,_ZNSt3__1eqIPiS1_EEbRKNS_11__wrap_iterIT_EERKNS2_IT0_EE
FNDA:40040,_ZNSt3__1neIPiEEbRKNS_11__wrap_iterIT_EES6_
FNDA:60000,_ZNSt3__1miIPKiPiEEDTmicldtfp_4baseEcldtfp0_4baseEERKNS_11__wrap_iterIT_EERKNS5_IT0_EE
FNF:24
FNH:18
DA:600,52
DA:602,52
DA:608,52
DA:610,52
DA:1067,766
DA:1068,766
DA:1080,383
DA:1121,0
DA:1125,0
DA:1127,0
DA:1131,0
DA:1169,0
DA:1171,0
DA:1337,120000
DA:1339,60000
DA:1340,60000
DA:1344,120000
DA:1368,40000
DA:1374,40000
DA:1384,40000
DA:1390,40000
DA:1391,40000
DA:1407,60000
DA:1408,60000
DA:1409,60000
DA:1415,60000
DA:1416,60000
DA:1431,260080
DA:1440,360160
DA:1525,40040
DA:1527,40040
DA:1577,40040
DA:1579,40040
DA:1610,60000
DA:1617,60000
LF:35
LH:29
end_of_record
SF:/Applications/Xcode.app/Contents/Developer/Toolchains/XcodeDefault.xctoolchain/usr/include/c++/v1/limits
FN:215,_ZNSt3__123__libcpp_numeric_limitsIxLb1EE3maxEv
FN:215,_ZNSt3__123__libcpp_numeric_limitsIlLb1EE3maxEv
FN:452,_ZNSt3__114numeric_limitsIlE3maxEv
FN:452,_ZNSt3__114numeric_limitsIxE3maxEv
FNDA:6,_ZNSt3__123__libcpp_numeric_limitsIxLb1EE3maxEv
FNDA:665,_ZNSt3__123__libcpp_numeric_limitsIlLb1EE3maxEv
FNDA:6,_ZNSt3__114numeric_limitsIxE3maxEv
FNDA:665,_ZNSt3__114numeric_limitsIlE3maxEv
FNF:4
FNH:4
DA:215,671
DA:452,671
LF:2
LH:2
end_of_record
SF:/Applications/Xcode.app/Contents/Developer/Toolchains/XcodeDefault.xctoolchain/usr/include/c++/v1/locale
FN:1383,_ZNSt3__116__pad_and_outputIcNS_11char_traitsIcEEEENS_19ostreambuf_iteratorIT_T0_EES6_PKS4_S8_S8_RNS_8ios_baseES4_
FNDA:383,_ZNSt3__116__pad_and_outputIcNS_11char_traitsIcEEEENS_19ostreambuf_iteratorIT_T0_EES6_PKS4_S8_S8_RNS_8ios_baseES4_
FNF:1
FNH:1
DA:1383,383
DA:1387,383
DA:1388,0
DA:1389,383
DA:1390,383
DA:1391,383
DA:1392,0
DA:1394,383
DA:1395,383
DA:1396,383
DA:1398,0
DA:1400,0
DA:1401,0
DA:1403,0
DA:1404,383
DA:1406,0
DA:1407,0
DA:1409,0
DA:1410,0
DA:1412,0
DA:1413,383
DA:1414,383
DA:1416,383
DA:1418,0
DA:1419,0
DA:1421,383
DA:1422,383
DA:1423,383
DA:1424,383
LF:29
LH:16
end_of_record
SF:/Applications/Xcode.app/Contents/Developer/Toolchains/XcodeDefault.xctoolchain/usr/include/c++/v1/map
FN:507,_ZNSt3__119__map_value_compareIdNS_12__value_typeIdNS_10shared_ptrIiEEEENS_4lessIdEELb1EEC2ES6_
FN:507,_ZNSt3__119__map_value_compareIdNS_12__value_typeIdNS_10shared_ptrIiEEEENS_4lessIdEELb1EEC1ES6_
FN:516,_ZNKSt3__119__map_value_compareIdNS_12__value_typeIdNS_10shared_ptrIiEEEENS_4lessIdEELb1EEclERKS4_RKd
FN:519,_ZNKSt3__119__map_value_compareIdNS_12__value_typeIdNS_10shared_ptrIiEEEENS_4lessIdEELb1EEclERKdRKS4_
FN:671,_ZNSt3__112__value_typeIdNS_10shared_ptrIiEEE11__get_valueEv
FN:681,_ZNKSt3__112__value_typeIdNS_10shared_ptrIiEEE11__get_valueEv
FN:795,_ZNSt3__114__map_iteratorINS_15__tree_iteratorINS_12__value_typeIdNS_10shared_ptrIiEEEEPNS_11__tree_nodeIS5_PvEElEEEC2ESA_
FN:795,_ZNSt3__114__map_iteratorINS_15__tree_iteratorINS_12__value_typeIdNS_10shared_ptrIiEEEEPNS_11__tree_nodeIS5_PvEElEEEC1ESA_
FN:798,_ZNKSt3__114__map_iteratorINS_15__tree_iteratorINS_12__value_typeIdNS_10shared_ptrIiEEEEPNS_11__tree_nodeIS5_PvEElEEEdeEv
FN:803,_ZNSt3__114__map_iteratorINS_15__tree_iteratorINS_12__value_typeIdNS_10shared_ptrIiEEEEPNS_11__tree_nodeIS5_PvEElEEEppEv
FN:827,_ZNSt3__1neERKNS_14__map_iteratorINS_15__tree_iteratorINS_12__value_typeIdNS_10shared_ptrIiEEEEPNS_11__tree_nodeIS5_PvEElEEEESD_
FN:962,_ZNSt3__13mapIdNS_10shared_ptrIiEENS_4lessIdEENS_9allocatorINS_4pairIKdS2_EEEEEC1Ev
FN:962,_ZNSt3__13mapIdNS_10shared_ptrIiEENS_4lessIdEENS_9allocatorINS_4pairIKdS2_EEEEEC2Ev
FN:1090,_ZNSt3__13mapIdNS_10shared_ptrIiEENS_4lessIdEENS_9allocatorINS_4pairIKdS2_EEEEE5beginEv
FN:1094,_ZNSt3__13mapIdNS_10shared_ptrIiEENS_4lessIdEENS_9allocatorINS_4pairIKdS2_EEEEE3endEv
FN:1482,_ZNSt3__13mapIdNS_10shared_ptrIiEENS_4lessIdEENS_9allocatorINS_4pairIKdS2_EEEEEixERS7_
FNDA:1,_ZNSt3__119__map_value_compareIdNS_12__value_typeIdNS_10shared_ptrIiEEEENS_4lessIdEELb1EEC1ES6_
FNDA:1,_ZNSt3__119__map_value_compareIdNS_12__value_typeIdNS_10shared_ptrIiEEEENS_4lessIdEELb1EEC2ES6_
FNDA:9278,_ZNKSt3__119__map_value_compareIdNS_12__value_typeIdNS_10shared_ptrIiEEEENS_4lessIdEELb1EEclERKS4_RKd
FNDA:17985,_ZNKSt3__119__map_value_compareIdNS_12__value_typeIdNS_10shared_ptrIiEEEENS_4lessIdEELb1EEclERKdRKS4_
FNDA:5000,_ZNSt3__112__value_typeIdNS_10shared_ptrIiEEE11__get_valueEv
FNDA:27263,_ZNKSt3__112__value_typeIdNS_10shared_ptrIiEEE11__get_valueEv
FNDA:2,_ZNSt3__114__map_iteratorINS_15__tree_iteratorINS_12__value_typeIdNS_10shared_ptrIiEEEEPNS_11__tree_nodeIS5_PvEElEEEC1ESA_
FNDA:2,_ZNSt3__114__map_iteratorINS_15__tree_iteratorINS_12__value_typeIdNS_10shared_ptrIiEEEEPNS_11__tree_nodeIS5_PvEElEEEC2ESA_
FNDA:1000,_ZNKSt3__114__map_iteratorINS_15__tree_iteratorINS_12__value_typeIdNS_10shared_ptrIiEEEEPNS_11__tree_nodeIS5_PvEElEEEdeEv
FNDA:1000,_ZNSt3__114__map_iteratorINS_15__tree_iteratorINS_12__value_typeIdNS_10shared_ptrIiEEEEPNS_11__tree_nodeIS5_PvEElEEEppEv
FNDA:1001,_ZNSt3__1neERKNS_14__map_iteratorINS_15__tree_iteratorINS_12__value_typeIdNS_10shared_ptrIiEEEEPNS_11__tree_nodeIS5_PvEElEEEESD_
FNDA:1,_ZNSt3__13mapIdNS_10shared_ptrIiEENS_4lessIdEENS_9allocatorINS_4pairIKdS2_EEEEEC1Ev
FNDA:1,_ZNSt3__13mapIdNS_10shared_ptrIiEENS_4lessIdEENS_9allocatorINS_4pairIKdS2_EEEEEC2Ev
FNDA:1,_ZNSt3__13mapIdNS_10shared_ptrIiEENS_4lessIdEENS_9allocatorINS_4pairIKdS2_EEEEE5beginEv
FNDA:1,_ZNSt3__13mapIdNS_10shared_ptrIiEENS_4lessIdEENS_9allocatorINS_4pairIKdS2_EEEEE3endEv
FNDA:2000,_ZNSt3__13mapIdNS_10shared_ptrIiEENS_4lessIdEENS_9allocatorINS_4pairIKdS2_EEEEEixERS7_
FNF:16
FNH:16
DA:507,2
DA:509,2
DA:516,9278
DA:517,9278
DA:519,17985
DA:520,17985
DA:671,5000
DA:676,5000
DA:681,27263
DA:686,27263
DA:795,4
DA:798,1000
DA:803,1000
DA:827,1001
DA:828,1001
DA:962,2
DA:967,2
DA:1090,1
DA:1094,1
DA:1482,2000
DA:1484,8000
DA:1486,2000
DA:1487,6000
LF:23
LH:23
end_of_record
SF:/Applications/Xcode.app/Contents/Developer/Toolchains/XcodeDefault.xctoolchain/usr/include/c++/v1/memory
FN:684,_ZNSt3__1L21__libcpp_relaxed_loadIlEET_PKS1_
FN:988,_ZNSt3__114pointer_traitsIPNS_20__shared_ptr_pointerIPiNS_14default_deleteIiEENS_9allocatorIiEEEEE10pointer_toERS7_
FN:988,_ZNSt3__114pointer_traitsIPNS_12__value_typeIdNS_10shared_ptrIiEEEEE10pointer_toERS4_
FN:988,_ZNSt3__114pointer_traitsIPKcE10pointer_toERS1_
FN:988,_ZNSt3__114pointer_traitsIPKiE10pointer_toERS1_
FN:988,_ZNSt3__114pointer_traitsIPNS_15__tree_end_nodeIPNS_16__tree_node_baseIPvEEEEE10pointer_toERS6_
FN:988,_ZNSt3__114pointer_traitsIPcE10pointer_toERc
FN:1106,_ZNSt3__1L16__to_raw_pointerIiEEPT_S2_
FN:1106,_ZNSt3__1L16__to_raw_pointerIKcEEPT_S3_
FN:1546,_ZNSt3__116allocator_traitsINS_9allocatorIcEEE8allocateERS2_m
FN:1546,_ZNSt3__116allocator_traitsINS_9allocatorIiEEE8allocateERS2_m
FN:1546,_ZNSt3__116allocator_traitsINS_9allocatorINS_11__tree_nodeINS_12__value_typeIdNS_10shared_ptrIiEEEEPvEEEEE8allocateERS9_m
FN:1554,_ZNSt3__116allocator_traitsINS_9allocatorIiEEE10deallocateERS2_Pim
FN:1554,_ZNSt3__116allocator_traitsINS_9allocatorINS_11__tree_nodeINS_12__value_typeIdNS_10shared_ptrIiEEEEPvEEEEE10deallocateERS9_PS8_m
FN:1560,_ZNSt3__116allocator_traitsINS_9allocatorINS_11__tree_nodeINS_12__value_typeIdNS_10shared_ptrIiEEEEPvEEEEE9constructINS_4pairIKdS5_EEJRKNS_21piecewise_construct_tENS_5tupleIJRSD_EEENSI_IJEEEEEEvRS9_PT_DpOT0_
FN:1560,_ZNSt3__116allocator_traitsINS_9allocatorIiEEE9constructIiJRKiEEEvRS2_PT_DpOT0_
FN:1560,_ZNSt3__116allocator_traitsINS_9allocatorIiEEE9constructIiJiEEEvRS2_PT_DpOT0_
FN:1595,_ZNSt3__116allocator_traitsINS_9allocatorINS_11__tree_nodeINS_12__value_typeIdNS_10shared_ptrIiEEEEPvEEEEE7destroyINS_4pairIKdS5_EEEEvRS9_PT_
FN:1595,_ZNSt3__116allocator_traitsINS_9allocatorIiEEE7destroyIiEEvRS2_PT_
FN:1599,_ZNSt3__116allocator_traitsINS_9allocatorIcEEE8max_sizeERKS2_
FN:1599,_ZNSt3__116allocator_traitsINS_9allocatorIiEEE8max_sizeERKS2_
FN:1629,_ZNSt3__116allocator_traitsINS_9allocatorIiEEE19__construct_forwardIiEENS_9enable_ifIXaaooL_ZNS_17integral_constantIbLb1EE5valueEEntsr15__has_constructIS2_PT_S8_EE5valuesr31is_trivially_move_constructibleIS8_EE5valueEvE4typeERS2_S9_S9_RS9_
FN:1695,_ZNSt3__116allocator_traitsINS_9allocatorIiEEE20__construct_backwardIiEENS_9enable_ifIXaaooL_ZNS_17integral_constantIbLb1EE5valueEEntsr15__has_constructIS2_PT_S8_EE5valuesr31is_trivially_move_constructibleIS8_EE5valueEvE4typeERS2_S9_S9_RS9_
FN:1717,_ZNSt3__116allocator_traitsINS_9allocatorIiEEE11__constructIiJRKiEEEvNS_17integral_constantIbLb1EEERS2_PT_DpOT0_
FN:1717,_ZNSt3__116allocator_traitsINS_9allocatorINS_11__tree_nodeINS_12__value_typeIdNS_10shared_ptrIiEEEEPvEEEEE11__constructINS_4pairIKdS5_EEJRKNS_21piecewise_construct_tENS_5tupleIJRSD_EEENSI_IJEEEEEEvNS_17integral_constantIbLb1EEERS9_PT_DpOT0_
FN:1717,_ZNSt3__116allocator_traitsINS_9allocatorIiEEE11__constructIiJiEEEvNS_17integral_constantIbLb1EEERS2_PT_DpOT0_
FN:1742,_ZNSt3__116allocator_traitsINS_9allocatorIiEEE9__destroyIiEEvNS_17integral_constantIbLb1EEERS2_PT_
FN:1746,_ZNSt3__116allocator_traitsINS_9allocatorINS_11__tree_nodeINS_12__value_typeIdNS_10shared_ptrIiEEEEPvEEEEE9__destroyINS_4pairIKdS5_EEEEvNS_17integral_constantIbLb0EEERS9_PT_
FN:1752,_ZNSt3__116allocator_traitsINS_9allocatorIiEEE10__max_sizeENS_17integral_constantIbLb1EEERKS2_
FN:1752,_ZNSt3__116allocator_traitsINS_9allocatorIcEEE10__max_sizeENS_17integral_constantIbLb1EEERKS2_
FN:1798,_ZNSt3__19allocatorIiEC2Ev
FN:1798,_ZNSt3__19allocatorIiEC1Ev
FN:1798,_ZNSt3__19allocatorIcEC2Ev
FN:1798,_ZNSt3__19allocatorINS_11__tree_nodeINS_12__value_typeIdNS_10shared_ptrIiEEEEPvEEEC2Ev
FN:1802,_ZNSt3__19allocatorINS_20__shared_ptr_pointerIPiNS_14default_deleteIiEENS0_IiEEEEEC2IiEERKNS0_IT_EE
FN:1802,_ZNSt3__19allocatorINS_20__shared_ptr_pointerIPiNS_14default_deleteIiEENS0_IiEEEEEC1IiEERKNS0_IT_EE
FN:1809,_ZNSt3__19allocatorIcE8allocateEmPKv
FN:1809,_ZNSt3__19allocatorINS_11__tree_nodeINS_12__value_typeIdNS_10shared_ptrIiEEEEPvEEE8allocateEmPKv
FN:1809,_ZNSt3__19allocatorIiE8allocateEmPKv
FN:1816,_ZNSt3__19allocatorINS_20__shared_ptr_pointerIPiNS_14default_deleteIiEENS0_IiEEEEE10deallocateEPS6_m
FN:1816,_ZNSt3__19allocatorINS_11__tree_nodeINS_12__value_typeIdNS_10shared_ptrIiEEEEPvEEE10deallocateEPS7_m
FN:1816,_ZNSt3__19allocatorIiE10deallocateEPim
FN:1818,_ZNKSt3__19allocatorIiE8max_sizeEv
FN:1818,_ZNKSt3__19allocatorIcE8max_sizeEv
FN:1818,_ZNKSt3__19allocatorINS_11__tree_nodeINS_12__value_typeIdNS_10shared_ptrIiEEEEPvEEE8max_sizeEv
FN:1824,_ZNSt3__19allocatorIiE9constructIiJiEEEvPT_DpOT0_
FN:1824,_ZNSt3__19allocatorINS_11__tree_nodeINS_12__value_typeIdNS_10shared_ptrIiEEEEPvEEE9constructINS_4pairIKdS4_EEJRKNS_21piecewise_construct_tENS_5tupleIJRSB_EEENSG_IJEEEEEEvPT_DpOT0_
FN:1824,_ZNSt3__19allocatorIiE9constructIiJRKiEEEvPT_DpOT0_
FN:1881,_ZNSt3__19allocatorIiE7destroyEPi
FN:2140,_ZNSt3__122__compressed_pair_elemINS_12basic_stringIcNS_11char_traitsIcEENS_9allocatorIcEEE5__repELi0ELb0EEC2Ev
FN:2140,_ZNSt3__122__compressed_pair_elemINS_15__tree_end_nodeIPNS_16__tree_node_baseIPvEEEELi0ELb0EEC2Ev
FN:2147,_ZNSt3__122__compressed_pair_elemINS_22__tree_node_destructorINS_9allocatorINS_11__tree_nodeINS_12__value_typeIdNS_10shared_ptrIiEEEEPvEEEEEELi1ELb0EEC2ISB_vEEOT_
FN:2147,_ZNSt3__122__compressed_pair_elemIPNS_12basic_stringIcNS_11char_traitsIcEENS_9allocatorIcEEEELi0ELb0EEC2IS7_vEEOT_
FN:2147,_ZNSt3__122__compressed_pair_elemIPNS_15__thread_structELi0ELb0EEC2IS2_vEEOT_
FN:2147,_ZNSt3__122__compressed_pair_elemIPiLi0ELb0EEC2IDnvEEOT_
FN:2147,_ZNSt3__122__compressed_pair_elemIPiLi0ELb0EEC2IRS1_vEEOT_
FN:2147,_ZNSt3__122__compressed_pair_elemImLi0ELb0EEC2IivEEOT_
FN:2147,_ZNSt3__122__compressed_pair_elemIPNS_15__thread_structELi0ELb0EEC2IRS2_vEEOT_
FN:2147,_ZNSt3__122__compressed_pair_elemIPNS_5tupleIJNS_10unique_ptrINS_15__thread_structENS_14default_deleteIS3_EEEEZN30TestBinTree_InOrderInsert_Test8TestBodyEvE3$_0NS_17reference_wrapperINS_7promiseIbEEEEEEELi0ELb0EEC2IRSE_vEEOT_
FN:2147,_ZNSt3__122__compressed_pair_elemIRNS_9allocatorIiEELi1ELb0EEC2IS3_vEEOT_
FN:2147,_ZNSt3__122__compressed_pair_elemIPNS_5tupleIJNS_10unique_ptrINS_15__thread_structENS_14default_deleteIS3_EEEEZN39TestBinTree_InOrderInsertRandomPop_Test8TestBodyEvE3$_3NS_17reference_wrapperINS_7promiseIbEEEEEEELi0ELb0EEC2IRSE_vEEOT_
FN:2147,_ZNSt3__122__compressed_pair_elemIPNS_5tupleIJNS_10unique_ptrINS_15__thread_structENS_14default_deleteIS3_EEEEZN34TestBinTree_RandomOrderInsert_Test8TestBodyEvE3$_2NS_17reference_wrapperINS_7promiseIbEEEEEEELi0ELb0EEC2IRSE_vEEOT_
FN:2147,_ZNSt3__122__compressed_pair_elemIPNS_5tupleIJNS_10unique_ptrINS_15__thread_structENS_14default_deleteIS3_EEEEZN35TestBinTree_ReverseOrderInsert_Test8TestBodyEvE3$_1NS_17reference_wrapperINS_7promiseIbEEEEEEELi0ELb0EEC2IRSE_vEEOT_
FN:2147,_ZNSt3__122__compressed_pair_elemINS_17__compressed_pairIPiNS_14default_deleteIiEEEELi0ELb0EEC2IS5_vEEOT_
FN:2147,_ZNSt3__122__compressed_pair_elemIPNS_11__tree_nodeINS_12__value_typeIdNS_10shared_ptrIiEEEEPvEELi0ELb0EEC2IRS8_vEEOT_
FN:2147,_ZNSt3__122__compressed_pair_elemIPNS_5tupleIJNS_10unique_ptrINS_15__thread_structENS_14default_deleteIS3_EEEEZN38TestBinTree_RandomInsertRandomPop_Test8TestBodyEvE3$_5NS_17reference_wrapperINS_7promiseIbEEEEEEELi0ELb0EEC2IRSE_vEEOT_
FN:2147,_ZNSt3__122__compressed_pair_elemIPNS_5tupleIJNS_10unique_ptrINS_15__thread_structENS_14default_deleteIS3_EEEEZN39TestBinTree_RandomInsertInOrderPop_Test8TestBodyEvE3$_4NS_17reference_wrapperINS_7promiseIbEEEEEEELi0ELb0EEC2IRSE_vEEOT_
FN:2163,_ZNSt3__122__compressed_pair_elemINS_12basic_stringIcNS_11char_traitsIcEENS_9allocatorIcEEE5__repELi0ELb0EE5__getEv
FN:2163,_ZNSt3__122__compressed_pair_elemINS_22__tree_node_destructorINS_9allocatorINS_11__tree_nodeINS_12__value_typeIdNS_10shared_ptrIiEEEEPvEEEEEELi1ELb0EE5__getEv
FN:2163,_ZNSt3__122__compressed_pair_elemIPNS_5tupleIJNS_10unique_ptrINS_15__thread_structENS_14default_deleteIS3_EEEEZN35TestBinTree_ReverseOrderInsert_Test8TestBodyEvE3$_1NS_17reference_wrapperINS_7promiseIbEEEEEEELi0ELb0EE5__getEv
FN:2163,_ZNSt3__122__compressed_pair_elemIPNS_12basic_stringIcNS_11char_traitsIcEENS_9allocatorIcEEEELi0ELb0EE5__getEv
FN:2163,_ZNSt3__122__compressed_pair_elemINS_17__compressed_pairIPiNS_14default_deleteIiEEEELi0ELb0EE5__getEv
FN:2163,_ZNSt3__122__compressed_pair_elemIPiLi0ELb0EE5__getEv
FN:2163,_ZNSt3__122__compressed_pair_elemIPNS_18basic_stringstreamIcNS_11char_traitsIcEENS_9allocatorIcEEEELi0ELb0EE5__getEv
FN:2163,_ZNSt3__122__compressed_pair_elemIPNS_5tupleIJNS_10unique_ptrINS_15__thread_structENS_14default_deleteIS3_EEEEZN34TestBinTree_RandomOrderInsert_Test8TestBodyEvE3$_2NS_17reference_wrapperINS_7promiseIbEEEEEEELi0ELb0EE5__getEv
FN:2163,_ZNSt3__122__compressed_pair_elemINS_15__tree_end_nodeIPNS_16__tree_node_baseIPvEEEELi0ELb0EE5__getEv
FN:2163,_ZNSt3__122__compressed_pair_elemIPNS_5tupleIJNS_10unique_ptrINS_15__thread_structENS_14default_deleteIS3_EEEEZN38TestBinTree_RandomInsertRandomPop_Test8TestBodyEvE3$_5NS_17reference_wrapperINS_7promiseIbEEEEEEELi0ELb0EE5__getEv
FN:2163,_ZNSt3__122__compressed_pair_elemIPNS_5tupleIJNS_10unique_ptrINS_15__thread_structENS_14default_deleteIS3_EEEEZN30TestBinTree_InOrderInsert_Test8TestBodyEvE3$_0NS_17reference_wrapperINS_7promiseIbEEEEEEELi0ELb0EE5__getEv
FN:2163,_ZNSt3__122__compressed_pair_elemIPNS_5tupleIJNS_10unique_ptrINS_15__thread_structENS_14default_deleteIS3_EEEEZN39TestBinTree_RandomInsertInOrderPop_Test8TestBodyEvE3$_4NS_17reference_wrapperINS_7promiseIbEEEEEEELi0ELb0EE5__getEv
FN:2163,_ZNSt3__122__compressed_pair_elemImLi0ELb0EE5__getEv
FN:2163,_ZNSt3__122__compressed_pair_elemIRNS_9allocatorIiEELi1ELb0EE5__getEv
FN:2163,_ZNSt3__122__compressed_pair_elemIPNS_15__thread_structELi0ELb0EE5__getEv
FN:2163,_ZNSt3__122__compressed_pair_elemIPNS_5tupleIJNS_10unique_ptrINS_15__thread_structENS_14default_deleteIS3_EEEEZN39TestBinTree_InOrderInsertRandomPop_Test8TestBodyEvE3$_3NS_17reference_wrapperINS_7promiseIbEEEEEEELi0ELb0EE5__getEv
FN:2163,_ZNSt3__122__compressed_pair_elemIPNS_11__tree_nodeINS_12__value_typeIdNS_10shared_ptrIiEEEEPvEELi0ELb0EE5__getEv
FN:2165,_ZNKSt3__122__compressed_pair_elemIPNS_12basic_stringIcNS_11char_traitsIcEENS_9allocatorIcEEEELi0ELb0EE5__getEv
FN:2165,_ZNKSt3__122__compressed_pair_elemINS_15__tree_end_nodeIPNS_16__tree_node_baseIPvEEEELi0ELb0EE5__getEv
FN:2165,_ZNKSt3__122__compressed_pair_elemINS_17__compressed_pairIPiNS_14default_deleteIiEEEELi0ELb0EE5__getEv
FN:2165,_ZNKSt3__122__compressed_pair_elemINS_12basic_stringIcNS_11char_traitsIcEENS_9allocatorIcEEE5__repELi0ELb0EE5__getEv
FN:2165,_ZNKSt3__122__compressed_pair_elemIPNS_5tupleIJNS_10unique_ptrINS_15__thread_structENS_14default_deleteIS3_EEEEZN39TestBinTree_InOrderInsertRandomPop_Test8TestBodyEvE3$_3NS_17reference_wrapperINS_7promiseIbEEEEEEELi0ELb0EE5__getEv
FN:2165,_ZNKSt3__122__compressed_pair_elemIPNS_5tupleIJNS_10unique_ptrINS_15__thread_structENS_14default_deleteIS3_EEEEZN38TestBinTree_RandomInsertRandomPop_Test8TestBodyEvE3$_5NS_17reference_wrapperINS_7promiseIbEEEEEEELi0ELb0EE5__getEv
FN:2165,_ZNKSt3__122__compressed_pair_elemIPNS_5tupleIJNS_10unique_ptrINS_15__thread_structENS_14default_deleteIS3_EEEEZN30TestBinTree_InOrderInsert_Test8TestBodyEvE3$_0NS_17reference_wrapperINS_7promiseIbEEEEEEELi0ELb0EE5__getEv
FN:2165,_ZNKSt3__122__compressed_pair_elemIPNS_11__tree_nodeINS_12__value_typeIdNS_10shared_ptrIiEEEEPvEELi0ELb0EE5__getEv
FN:2165,_ZNKSt3__122__compressed_pair_elemIPiLi0ELb0EE5__getEv
FN:2165,_ZNKSt3__122__compressed_pair_elemIPNS_5tupleIJNS_10unique_ptrINS_15__thread_structENS_14default_deleteIS3_EEEEZN39TestBinTree_RandomInsertInOrderPop_Test8TestBodyEvE3$_4NS_17reference_wrapperINS_7promiseIbEEEEEEELi0ELb0EE5__getEv
FN:2165,_ZNKSt3__122__compressed_pair_elemIPNS_5tupleIJNS_10unique_ptrINS_15__thread_structENS_14default_deleteIS3_EEEEZN34TestBinTree_RandomOrderInsert_Test8TestBodyEvE3$_2NS_17reference_wrapperINS_7promiseIbEEEEEEELi0ELb0EE5__getEv
FN:2165,_ZNKSt3__122__compressed_pair_elemIPNS_5tupleIJNS_10unique_ptrINS_15__thread_structENS_14default_deleteIS3_EEEEZN35TestBinTree_ReverseOrderInsert_Test8TestBodyEvE3$_1NS_17reference_wrapperINS_7promiseIbEEEEEEELi0ELb0EE5__getEv
FN:2179,_ZNSt3__122__compressed_pair_elemINS_9allocatorIcEELi1ELb1EEC2Ev
FN:2179,_ZNSt3__122__compressed_pair_elemINS_9allocatorIiEELi1ELb1EEC2Ev
FN:2179,_ZNSt3__122__compressed_pair_elemINS_9allocatorINS_11__tree_nodeINS_12__value_typeIdNS_10shared_ptrIiEEEEPvEEEELi1ELb1EEC2Ev
FN:2186,_ZNSt3__122__compressed_pair_elemINS_19__map_value_compareIdNS_12__value_typeIdNS_10shared_ptrIiEEEENS_4lessIdEELb1EEELi1ELb1EEC2IRKS8_vEEOT_
FN:2186,_ZNSt3__122__compressed_pair_elemINS_9allocatorIcEELi1ELb1EEC2IRKS2_vEEOT_
FN:2186,_ZNSt3__122__compressed_pair_elemINS_9allocatorIiEELi1ELb1EEC2IS2_vEEOT_
FN:2186,_ZNSt3__122__compressed_pair_elemINS_14default_deleteIiEELi1ELb1EEC2IS2_vEEOT_
FN:2186,_ZNSt3__122__compressed_pair_elemINS_14default_deleteINS_15__thread_structEEELi1ELb1EEC2IS3_vEEOT_
FN:2202,_ZNSt3__122__compressed_pair_elemINS_19__map_value_compareIdNS_12__value_typeIdNS_10shared_ptrIiEEEENS_4lessIdEELb1EEELi1ELb1EE5__getEv
FN:2202,_ZNSt3__122__compressed_pair_elemINS_14default_deleteIiEELi1ELb1EE5__getEv
FN:2202,_ZNSt3__122__compressed_pair_elemINS_14default_deleteINS_5tupleIJNS_10unique_ptrINS_15__thread_structENS1_IS4_EEEEZN39TestBinTree_InOrderInsertRandomPop_Test8TestBodyEvE3$_3NS_17reference_wrapperINS_7promiseIbEEEEEEEEELi1ELb1EE5__getEv
FN:2202,_ZNSt3__122__compressed_pair_elemINS_14default_deleteINS_18basic_stringstreamIcNS_11char_traitsIcEENS_9allocatorIcEEEEEELi1ELb1EE5__getEv
FN:2202,_ZNSt3__122__compressed_pair_elemINS_14default_deleteINS_5tupleIJNS_10unique_ptrINS_15__thread_structENS1_IS4_EEEEZN39TestBinTree_RandomInsertInOrderPop_Test8TestBodyEvE3$_4NS_17reference_wrapperINS_7promiseIbEEEEEEEEELi1ELb1EE5__getEv
FN:2202,_ZNSt3__122__compressed_pair_elemINS_9allocatorINS_11__tree_nodeINS_12__value_typeIdNS_10shared_ptrIiEEEEPvEEEELi1ELb1EE5__getEv
FN:2202,_ZNSt3__122__compressed_pair_elemINS_14default_deleteINS_5tupleIJNS_10unique_ptrINS_15__thread_structENS1_IS4_EEEEZN38TestBinTree_RandomInsertRandomPop_Test8TestBodyEvE3$_5NS_17reference_wrapperINS_7promiseIbEEEEEEEEELi1ELb1EE5__getEv
FN:2202,_ZNSt3__122__compressed_pair_elemINS_14default_deleteINS_15__thread_structEEELi1ELb1EE5__getEv
FN:2202,_ZNSt3__122__compressed_pair_elemINS_9allocatorIcEELi1ELb1EE5__getEv
FN:2202,_ZNSt3__122__compressed_pair_elemINS_14default_deleteINS_5tupleIJNS_10unique_ptrINS_15__thread_structENS1_IS4_EEEEZN35TestBinTree_ReverseOrderInsert_Test8TestBodyEvE3$_1NS_17reference_wrapperINS_7promiseIbEEEEEEEEELi1ELb1EE5__getEv
FN:2202,_ZNSt3__122__compressed_pair_elemINS_14default_deleteINS_12basic_stringIcNS_11char_traitsIcEENS_9allocatorIcEEEEEELi1ELb1EE5__getEv
FN:2202,_ZNSt3__122__compressed_pair_elemINS_9allocatorIiEELi1ELb1EE5__getEv
FN:2202,_ZNSt3__122__compressed_pair_elemINS_14default_deleteINS_5tupleIJNS_10unique_ptrINS_15__thread_structENS1_IS4_EEEEZN30TestBinTree_InOrderInsert_Test8TestBodyEvE3$_0NS_17reference_wrapperINS_7promiseIbEEEEEEEEELi1ELb1EE5__getEv
FN:2202,_ZNSt3__122__compressed_pair_elemINS_14default_deleteINS_5tupleIJNS_10unique_ptrINS_15__thread_structENS1_IS4_EEEEZN34TestBinTree_RandomOrderInsert_Test8TestBodyEvE3$_2NS_17reference_wrapperINS_7promiseIbEEEEEEEEELi1ELb1EE5__getEv
FN:2204,_ZNKSt3__122__compressed_pair_elemINS_9allocatorIiEELi1ELb1EE5__getEv
FN:2204,_ZNKSt3__122__compressed_pair_elemINS_9allocatorIcEELi1ELb1EE5__getEv
FN:2204,_ZNKSt3__122__compressed_pair_elemINS_14default_deleteIiEELi1ELb1EE5__getEv
FN:2234,_ZNSt3__117__compressed_pairINS_15__tree_end_nodeIPNS_16__tree_node_baseIPvEEEENS_9allocatorINS_11__tree_nodeINS_12__value_typeIdNS_10shared_ptrIiEEEES3_EEEEEC1ILb1EvEEv
FN:2234,_ZNSt3__117__compressed_pairINS_12basic_stringIcNS_11char_traitsIcEENS_9allocatorIcEEE5__repES5_EC2ILb1EvEEv
FN:2234,_ZNSt3__117__compressed_pairINS_15__tree_end_nodeIPNS_16__tree_node_baseIPvEEEENS_9allocatorINS_11__tree_nodeINS_12__value_typeIdNS_10shared_ptrIiEEEES3_EEEEEC2ILb1EvEEv
FN:2234,_ZNSt3__117__compressed_pairINS_12basic_stringIcNS_11char_traitsIcEENS_9allocatorIcEEE5__repES5_EC1ILb1EvEEv
FN:2240,_ZNSt3__117__compressed_pairIPNS_5tupleIJNS_10unique_ptrINS_15__thread_structENS_14default_deleteIS3_EEEEZN39TestBinTree_InOrderInsertRandomPop_Test8TestBodyEvE3$_3NS_17reference_wrapperINS_7promiseIbEEEEEEENS4_ISD_EEEC2IRSE_Lb1EEEOT_
FN:2240,_ZNSt3__117__compressed_pairIPNS_5tupleIJNS_10unique_ptrINS_15__thread_structENS_14default_deleteIS3_EEEEZN30TestBinTree_InOrderInsert_Test8TestBodyEvE3$_0NS_17reference_wrapperINS_7promiseIbEEEEEEENS4_ISD_EEEC1IRSE_Lb1EEEOT_
FN:2240,_ZNSt3__117__compressed_pairIPNS_5tupleIJNS_10unique_ptrINS_15__thread_structENS_14default_deleteIS3_EEEEZN34TestBinTree_RandomOrderInsert_Test8TestBodyEvE3$_2NS_17reference_wrapperINS_7promiseIbEEEEEEENS4_ISD_EEEC1IRSE_Lb1EEEOT_
FN:2240,_ZNSt3__117__compressed_pairIPNS_5tupleIJNS_10unique_ptrINS_15__thread_structENS_14default_deleteIS3_EEEEZN39TestBinTree_RandomInsertInOrderPop_Test8TestBodyEvE3$_4NS_17reference_wrapperINS_7promiseIbEEEEEEENS4_ISD_EEEC1IRSE_Lb1EEEOT_
FN:2240,_ZNSt3__117__compressed_pairIPNS_15__thread_structENS_14default_deleteIS1_EEEC1IRS2_Lb1EEEOT_
FN:2240,_ZNSt3__117__compressed_pairIPNS_15__thread_structENS_14default_deleteIS1_EEEC2IRS2_Lb1EEEOT_
FN:2240,_ZNSt3__117__compressed_pairIPNS_5tupleIJNS_10unique_ptrINS_15__thread_structENS_14default_deleteIS3_EEEEZN30TestBinTree_InOrderInsert_Test8TestBodyEvE3$_0NS_17reference_wrapperINS_7promiseIbEEEEEEENS4_ISD_EEEC2IRSE_Lb1EEEOT_
FN:2240,_ZNSt3__117__compressed_pairIPNS_5tupleIJNS_10unique_ptrINS_15__thread_structENS_14default_deleteIS3_EEEEZN35TestBinTree_ReverseOrderInsert_Test8TestBodyEvE3$_1NS_17reference_wrapperINS_7promiseIbEEEEEEENS4_ISD_EEEC1IRSE_Lb1EEEOT_
FN:2240,_ZNSt3__117__compressed_pairIPNS_5tupleIJNS_10unique_ptrINS_15__thread_structENS_14default_deleteIS3_EEEEZN39TestBinTree_InOrderInsertRandomPop_Test8TestBodyEvE3$_3NS_17reference_wrapperINS_7promiseIbEEEEEEENS4_ISD_EEEC1IRSE_Lb1EEEOT_
FN:2240,_ZNSt3__117__compressed_pairIPiNS_14default_deleteIiEEEC1IRS1_Lb1EEEOT_
FN:2240,_ZNSt3__117__compressed_pairIPNS_5tupleIJNS_10unique_ptrINS_15__thread_structENS_14default_deleteIS3_EEEEZN35TestBinTree_ReverseOrderInsert_Test8TestBodyEvE3$_1NS_17reference_wrapperINS_7promiseIbEEEEEEENS4_ISD_EEEC2IRSE_Lb1EEEOT_
FN:2240,_ZNSt3__117__compressed_pairIPiNS_14default_deleteIiEEEC2IRS1_Lb1EEEOT_
FN:2240,_ZNSt3__117__compressed_pairIPNS_5tupleIJNS_10unique_ptrINS_15__thread_structENS_14default_deleteIS3_EEEEZN34TestBinTree_RandomOrderInsert_Test8TestBodyEvE3$_2NS_17reference_wrapperINS_7promiseIbEEEEEEENS4_ISD_EEEC2IRSE_Lb1EEEOT_
FN:2240,_ZNSt3__117__compressed_pairIPNS_12basic_stringIcNS_11char_traitsIcEENS_9allocatorIcEEEENS_14default_deleteIS6_EEEC1IS7_Lb1EEEOT_
FN:2240,_ZNSt3__117__compressed_pairIPNS_5tupleIJNS_10unique_ptrINS_15__thread_structENS_14default_deleteIS3_EEEEZN39TestBinTree_RandomInsertInOrderPop_Test8TestBodyEvE3$_4NS_17reference_wrapperINS_7promiseIbEEEEEEENS4_ISD_EEEC2IRSE_Lb1EEEOT_
[...]
FNDA:1,_ZN7testing8internal15TestFactoryImplI38TestBinTree_RandomInsertRandomPop_TestED0Ev
FNDA:1,_ZN7testing8internal15TestFactoryImplI38TestBinTree_RandomInsertRandomPop_TestED2Ev
FNDA:1,_ZN7testing8internal15TestFactoryImplI30TestBinTree_InOrderInsert_TestE10CreateTestEv
FNDA:1,_ZN7testing8internal15TestFactoryImplI35TestBinTree_ReverseOrderInsert_TestE10CreateTestEv
FNDA:1,_ZN7testing8internal15TestFactoryImplI34TestBinTree_RandomOrderInsert_TestE10CreateTestEv
FNDA:1,_ZN7testing8internal15TestFactoryImplI39TestBinTree_InOrderInsertRandomPop_TestE10CreateTestEv
FNDA:1,_ZN7testing8internal15TestFactoryImplI39TestBinTree_RandomInsertInOrderPop_TestE10CreateTestEv
FNDA:1,_ZN7testing8internal15TestFactoryImplI38TestBinTree_RandomInsertRandomPop_TestE10CreateTestEv
FNDA:18,_ZN7testing8internal12CodeLocationD1Ev
FNDA:18,_ZN7testing8internal12CodeLocationD2Ev
FNDA:6,_ZN7testing8internal12CodeLocationC1ERKNSt3__112basic_stringIcNS2_11char_traitsIcEENS2_9allocatorIcEEEEi
FNDA:6,_ZN7testing8internal12CodeLocationC2ERKNSt3__112basic_stringIcNS2_11char_traitsIcEENS2_9allocatorIcEEEEi
FNDA:24,_ZN7testing8internal19GetNotDefaultOrNullEPFvvES2_
FNDA:6,_ZN7testing8internal16SuiteApiResolverINS_4TestEE19GetSetUpCaseOrSuiteEPKci
FNDA:6,_ZN7testing8internal16SuiteApiResolverINS_4TestEE22GetTearDownCaseOrSuiteEPKci
FNDA:1,_ZN7testing8internal12ConstCharPtrC1EPKc
FNDA:1,_ZN7testing8internal12ConstCharPtrC2EPKc
FNDA:1,_ZNK7testing8internal12ConstCharPtrcvbEv
FNF:50
FNH:48
DA:442,6
DA:449,6
DA:458,30
DA:460,6
DA:480,36
DA:481,12
DA:482,12
DA:494,24
DA:496,24
DA:509,6
DA:511,6
DA:512,6
DA:513,6
DA:514,6
DA:516,6
DA:517,0
DA:519,0
DA:521,6
DA:522,0
DA:524,6
DA:526,6
DA:527,6
DA:528,6
DA:529,6
DA:531,6
DA:532,0
DA:534,0
DA:536,6
DA:537,0
DA:823,2
DA:824,1
LF:31
LH:25
end_of_record
SF:/usr/local/include/gtest/internal/gtest-port.h
FN:957,_ZN7testing8internal8GTestLog9GetStreamEv
FNDA:0,_ZN7testing8internal8GTestLog9GetStreamEv
FNF:1
FNH:0
DA:957,0
LF:1
LH:0
end_of_record
SF:/Users/alexbondar/Technion/3_semester/data structures/DSWet1/BinTree.h
FN:24,_ZN13LecturesStats9ExceptionD0Ev
FN:24,_ZN13LecturesStats9ExceptionD1Ev
FN:24,_ZN13LecturesStats9ExceptionD2Ev
FN:30,_ZN13LecturesStats9ExceptionC2ENSt3__112basic_stringIcNS1_11char_traitsIcEENS1_9allocatorIcEEEE
FN:31,_ZNK13LecturesStats9Exception4whatEv
FN:46,_ZN13LecturesStats21AlreadyExistExceptionD0Ev
FN:46,_ZN13LecturesStats21AlreadyExistExceptionD2Ev
FN:46,_ZN13LecturesStats21AlreadyExistExceptionD1Ev
FN:49,_ZN13LecturesStats21AlreadyExistExceptionC1ENSt3__112basic_stringIcNS1_11char_traitsIcEENS1_9allocatorIcEEEE
FN:49,_ZN13LecturesStats21AlreadyExistExceptionC2ENSt3__112basic_stringIcNS1_11char_traitsIcEENS1_9allocatorIcEEEE
FN:62,_ZN13LecturesStats4NodeIdiED1Ev
FN:62,_ZN13LecturesStats4NodeIiiED1Ev
FN:62,_ZN13LecturesStats4NodeIiiED2Ev
FN:62,_ZN13LecturesStats4NodeIdiED2Ev
FN:71,_ZN13LecturesStats4NodeIdiE9setParentEPS1_
FN:71,_ZN13LecturesStats4NodeIiiE9setParentEPS1_
FN:72,_ZN13LecturesStats4NodeIiiE7balanceEv
FN:72,_ZN13LecturesStats4NodeIdiE7balanceEv
FN:81,_ZN13LecturesStats4NodeIiiEC1ERKiNSt3__110shared_ptrIiEEPS1_S7_
FN:81,_ZN13LecturesStats4NodeIdiEC2ERKdNSt3__110shared_ptrIiEEPS1_S7_
FN:81,_ZN13LecturesStats4NodeIdiEC1ERKdNSt3__110shared_ptrIiEEPS1_S7_
FN:81,_ZN13LecturesStats4NodeIiiEC2ERKiNSt3__110shared_ptrIiEEPS1_S7_
FN:89,_ZN13LecturesStats4NodeIiiE7setLeftEPS1_
FN:89,_ZN13LecturesStats4NodeIdiE7setLeftEPS1_
FN:101,_ZN13LecturesStats4NodeIiiE8setRightEPS1_
FN:101,_ZN13LecturesStats4NodeIdiE8setRightEPS1_
FN:113,_ZN13LecturesStats4NodeIiiE6isLeafEv
FN:114,_ZN13LecturesStats4NodeIdiE9getParentEv
FN:114,_ZN13LecturesStats4NodeIiiE9getParentEv
FN:115,_ZN13LecturesStats4NodeIdiE7getLeftEv
FN:115,_ZN13LecturesStats4NodeIiiE7getLeftEv
FN:116,_ZN13LecturesStats4NodeIiiE8getRightEv
FN:116,_ZN13LecturesStats4NodeIdiE8getRightEv
FN:117,_ZN13LecturesStats4NodeIdiE8getValueEv
FN:117,_ZN13LecturesStats4NodeIiiE8getValueEv
FN:118,_ZN13LecturesStats4NodeIdiE6getKeyEv
FN:118,_ZN13LecturesStats4NodeIiiE6getKeyEv
FN:206,_ZN13LecturesStats7BinTreeIiiEC1Ev
FN:206,_ZN13LecturesStats7BinTreeIdiEC2Ev
FN:206,_ZN13LecturesStats7BinTreeIdiEC1Ev
FN:206,_ZN13LecturesStats7BinTreeIiiEC2Ev
FN:207,_ZN13LecturesStats7BinTreeIdiE7isEmptyEv
FN:207,_ZN13LecturesStats7BinTreeIiiE7isEmptyEv
FN:216,_ZN13LecturesStats7BinTreeIiiE3getERKi
FN:216,_ZN13LecturesStats7BinTreeIdiE3getERKd
FN:244,_ZN13LecturesStats7BinTreeIdiE4findERKd
FN:244,_ZN13LecturesStats7BinTreeIiiE4findERKi
FN:259,_ZN13LecturesStats7BinTreeIdiE16addRebalanceFromEPNS_4NodeIdiEE
FN:259,_ZN13LecturesStats7BinTreeIiiE16addRebalanceFromEPNS_4NodeIiiEE
FN:282,_ZN13LecturesStats7BinTreeIiiE16popRebalanceFromEPNS_4NodeIiiEE
FN:299,_ZN13LecturesStats7BinTreeIiiE14rotateAsNeededERPNS_4NodeIiiEE
FN:299,_ZN13LecturesStats7BinTreeIdiE14rotateAsNeededERPNS_4NodeIdiEE
FN:321,_ZN13LecturesStats7BinTreeIiiE3popERKi
FN:441,_ZN13LecturesStats7BinTreeIdiE3addERKdNSt3__110shared_ptrIiEE
FN:441,_ZN13LecturesStats7BinTreeIiiE3addERKiNSt3__110shared_ptrIiEE
FN:484,_ZN13LecturesStats7BinTreeIdiE8rotateLLERPNS_4NodeIdiEE
FN:484,_ZN13LecturesStats7BinTreeIiiE8rotateLLERPNS_4NodeIiiEE
FN:506,_ZN13LecturesStats7BinTreeIdiE8rotateLRERPNS_4NodeIdiEE
FN:506,_ZN13LecturesStats7BinTreeIiiE8rotateLRERPNS_4NodeIiiEE
FN:530,_ZN13LecturesStats7BinTreeIiiE8rotateRRERPNS_4NodeIiiEE
FN:530,_ZN13LecturesStats7BinTreeIdiE8rotateRRERPNS_4NodeIdiEE
FN:552,_ZN13LecturesStats7BinTreeIdiE8rotateRLERPNS_4NodeIdiEE
FN:552,_ZN13LecturesStats7BinTreeIiiE8rotateRLERPNS_4NodeIiiEE
FN:576,_ZN13LecturesStats7BinTreeIdiED2Ev
FN:576,_ZN13LecturesStats7BinTreeIdiED1Ev
FN:576,_ZN13LecturesStats7BinTreeIiiED2Ev
FN:576,_ZN13LecturesStats7BinTreeIiiED1Ev
FN:583,_ZN13LecturesStats7BinTreeIdiE11deallocTreeEPNS_4NodeIdiEE
FN:583,_ZN13LecturesStats7BinTreeIiiE11deallocTreeEPNS_4NodeIiiEE
FNDA:0,_ZN13LecturesStats9ExceptionD1Ev
FNDA:0,_ZN13LecturesStats9ExceptionD0Ev
FNDA:1,_ZN13LecturesStats9ExceptionD2Ev
FNDA:1,_ZN13LecturesStats9ExceptionC2ENSt3__112basic_stringIcNS1_11char_traitsIcEENS1_9allocatorIcEEEE
FNDA:0,_ZNK13LecturesStats9Exception4whatEv
FNDA:1,_ZN13LecturesStats21AlreadyExistExceptionD1Ev
FNDA:0,_ZN13LecturesStats21AlreadyExistExceptionD0Ev
FNDA:1,_ZN13LecturesStats21AlreadyExistExceptionD2Ev
FNDA:1,_ZN13LecturesStats21AlreadyExistExceptionC1ENSt3__112basic_stringIcNS1_11char_traitsIcEENS1_9allocatorIcEEEE
FNDA:1,_ZN13LecturesStats21AlreadyExistExceptionC2ENSt3__112basic_stringIcNS1_11char_traitsIcEENS1_9allocatorIcEEEE
FNDA:62001,_ZN13LecturesStats4NodeIiiED1Ev
FNDA:62001,_ZN13LecturesStats4NodeIiiED2Ev
FNDA:1000,_ZN13LecturesStats4NodeIdiED1Ev
FNDA:1000,_ZN13LecturesStats4NodeIdiED2Ev
FNDA:287853,_ZN13LecturesStats4NodeIiiE9setParentEPS1_
FNDA:2355,_ZN13LecturesStats4NodeIdiE9setParentEPS1_
FNDA:1694392,_ZN13LecturesStats4NodeIiiE7balanceEv
FNDA:9786,_ZN13LecturesStats4NodeIdiE7balanceEv
FNDA:62001,_ZN13LecturesStats4NodeIiiEC1ERKiNSt3__110shared_ptrIiEEPS1_S7_
FNDA:62001,_ZN13LecturesStats4NodeIiiEC2ERKiNSt3__110shared_ptrIiEEPS1_S7_
FNDA:1000,_ZN13LecturesStats4NodeIdiEC1ERKdNSt3__110shared_ptrIiEEPS1_S7_
FNDA:1000,_ZN13LecturesStats4NodeIdiEC2ERKdNSt3__110shared_ptrIiEEPS1_S7_
FNDA:176844,_ZN13LecturesStats4NodeIiiE7setLeftEPS1_
FNDA:1408,_ZN13LecturesStats4NodeIdiE7setLeftEPS1_
FNDA:186178,_ZN13LecturesStats4NodeIiiE8setRightEPS1_
FNDA:1414,_ZN13LecturesStats4NodeIdiE8setRightEPS1_
FNDA:60326,_ZN13LecturesStats4NodeIiiE6isLeafEv
FNDA:939264,_ZN13LecturesStats4NodeIiiE9getParentEv
FNDA:5508,_ZN13LecturesStats4NodeIdiE9getParentEv
FNDA:718795,_ZN13LecturesStats4NodeIiiE7getLeftEv
FNDA:9524,_ZN13LecturesStats4NodeIdiE7getLeftEv
FNDA:776208,_ZN13LecturesStats4NodeIiiE8getRightEv
FNDA:9217,_ZN13LecturesStats4NodeIdiE8getRightEv
FNDA:2000,_ZN13LecturesStats4NodeIiiE8getValueEv
FNDA:1000,_ZN13LecturesStats4NodeIdiE8getValueEv
FNDA:1694168,_ZN13LecturesStats4NodeIiiE6getKeyEv
FNDA:32524,_ZN13LecturesStats4NodeIdiE6getKeyEv
FNDA:62,_ZN13LecturesStats7BinTreeIiiEC1Ev
FNDA:62,_ZN13LecturesStats7BinTreeIiiEC2Ev
FNDA:1,_ZN13LecturesStats7BinTreeIdiEC1Ev
FNDA:1,_ZN13LecturesStats7BinTreeIdiEC2Ev
FNDA:62,_ZN13LecturesStats7BinTreeIiiE7isEmptyEv
FNDA:1,_ZN13LecturesStats7BinTreeIdiE7isEmptyEv
FNDA:2061,_ZN13LecturesStats7BinTreeIiiE3getERKi
FNDA:1002,_ZN13LecturesStats7BinTreeIdiE3getERKd
FNDA:2061,_ZN13LecturesStats7BinTreeIiiE4findERKi
FNDA:1002,_ZN13LecturesStats7BinTreeIdiE4findERKd
FNDA:61938,_ZN13LecturesStats7BinTreeIiiE16addRebalanceFromEPNS_4NodeIiiEE
FNDA:999,_ZN13LecturesStats7BinTreeIdiE16addRebalanceFromEPNS_4NodeIdiEE
FNDA:60000,_ZN13LecturesStats7BinTreeIiiE16popRebalanceFromEPNS_4NodeIiiEE
FNDA:824958,_ZN13LecturesStats7BinTreeIiiE14rotateAsNeededERPNS_4NodeIiiEE
FNDA:4777,_ZN13LecturesStats7BinTreeIdiE14rotateAsNeededERPNS_4NodeIdiEE
FNDA:60000,_ZN13LecturesStats7BinTreeIiiE3popERKi
FNDA:62001,_ZN13LecturesStats7BinTreeIiiE3addERKiNSt3__110shared_ptrIiEE
FNDA:1000,_ZN13LecturesStats7BinTreeIdiE3addERKdNSt3__110shared_ptrIiEE
FNDA:8146,_ZN13LecturesStats7BinTreeIiiE8rotateLLERPNS_4NodeIiiEE
FNDA:122,_ZN13LecturesStats7BinTreeIdiE8rotateLLERPNS_4NodeIdiEE
FNDA:5730,_ZN13LecturesStats7BinTreeIiiE8rotateLRERPNS_4NodeIiiEE
FNDA:112,_ZN13LecturesStats7BinTreeIdiE8rotateLRERPNS_4NodeIdiEE
FNDA:35995,_ZN13LecturesStats7BinTreeIiiE8rotateRRERPNS_4NodeIiiEE
FNDA:130,_ZN13LecturesStats7BinTreeIdiE8rotateRRERPNS_4NodeIdiEE
FNDA:8481,_ZN13LecturesStats7BinTreeIiiE8rotateRLERPNS_4NodeIiiEE
FNDA:102,_ZN13LecturesStats7BinTreeIdiE8rotateRLERPNS_4NodeIdiEE
FNDA:62,_ZN13LecturesStats7BinTreeIiiED1Ev
FNDA:62,_ZN13LecturesStats7BinTreeIiiED2Ev
FNDA:1,_ZN13LecturesStats7BinTreeIdiED1Ev
FNDA:1,_ZN13LecturesStats7BinTreeIdiED2Ev
FNDA:4002,_ZN13LecturesStats7BinTreeIiiE11deallocTreeEPNS_4NodeIiiEE
FNDA:2001,_ZN13LecturesStats7BinTreeIdiE11deallocTreeEPNS_4NodeIdiEE
FNF:69
FNH:65
DA:24,1
DA:30,1
DA:31,0
DA:46,2
DA:49,2
DA:62,126002
DA:71,290208
DA:72,1704178
DA:73,1704178
DA:74,1704178
DA:75,1704178
DA:76,1704178
DA:81,126002
DA:83,63001
DA:84,63001
DA:85,63001
DA:86,63001
DA:87,63001
DA:88,126002
DA:89,178252
DA:90,178252
DA:91,178252
DA:92,136445
DA:93,136445
DA:94,178252
DA:95,178252
DA:97,178252
DA:99,178252
DA:100,178252
DA:101,187592
DA:102,187592
DA:103,187592
DA:104,140795
DA:105,140795
DA:106,187592
DA:107,187592
DA:109,187592
DA:111,187592
DA:112,187592
DA:113,60326
DA:114,944772
DA:115,728319
DA:116,785425
DA:117,3000
DA:118,1726692
DA:128,63
DA:206,126
DA:207,63
DA:216,3063
DA:217,3063
DA:218,3063
DA:244,3063
DA:245,3063
DA:246,27251
DA:247,27188
DA:248,3000
DA:249,24188
DA:250,11988
DA:251,11988
DA:252,12200
DA:255,63
DA:256,3063
DA:259,62937
DA:261,62937
DA:262,62937
DA:264,440070
DA:265,406720
DA:267,406720
DA:268,29587
DA:270,377133
DA:271,377133
DA:274,377133
DA:275,377133
DA:276,377133
DA:277,377133
DA:279,62937
DA:282,60000
DA:284,60000
DA:286,512602
DA:287,452602
DA:288,452602
DA:291,452602
DA:292,452602
DA:293,452602
DA:294,452602
DA:296,60000
DA:299,829735
DA:300,829735
DA:301,14110
DA:302,8268
DA:303,8268
DA:305,5842
DA:307,829735
DA:308,44708
DA:309,36125
DA:310,36125
DA:312,8583
DA:314,44708
DA:315,770917
DA:317,58818
DA:318,829735
DA:321,60000
DA:322,60000
DA:324,60000
DA:325,0
DA:328,474583
DA:329,474583
DA:330,141351
DA:331,474583
DA:332,273232
DA:333,273232
DA:334,60000
DA:337,60000
DA:338,0
DA:341,60000
DA:342,60000
DA:344,60000
DA:347,60000
DA:348,326
DA:349,234
DA:350,234
DA:357,92
DA:359,326
DA:362,60000
DA:363,32635
DA:364,60
DA:365,60
DA:366,60
DA:367,32575
DA:368,32575
DA:369,10223
DA:370,10223
DA:372,22352
DA:376,32635
DA:377,60000
DA:379,12805
DA:380,12805
DA:381,23459
DA:382,10654
DA:383,10654
DA:386,12805
DA:387,6024
DA:388,6024
DA:390,6781
DA:395,12805
DA:396,12805
DA:397,12805
DA:401,12805
DA:402,12638
DA:403,6306
DA:404,6306
DA:406,6332
DA:408,12638
DA:409,167
DA:411,12805
DA:412,12805
DA:413,14560
DA:414,14560
DA:415,14560
DA:418,14560
DA:419,44
DA:420,44
DA:421,44
DA:422,14516
DA:423,11545
DA:424,11545
DA:426,2971
DA:429,14560
DA:432,60000
DA:433,60000
DA:435,60000
DA:436,60000
DA:437,60000
DA:438,60000
DA:441,63001
DA:442,63001
DA:443,63001
DA:444,63002
DA:446,63001
DA:447,63
DA:448,63
DA:451,617880
DA:452,554943
DA:453,554943
DA:454,368259
DA:455,368259
DA:456,186684
DA:457,1
DA:458,1
DA:461,186683
DA:464,62937
DA:467,62937
DA:468,41581
DA:469,41581
DA:470,21356
DA:474,62937
DA:475,21252
DA:476,21252
DA:479,62937
DA:481,63001
DA:484,8268
DA:486,8268
DA:487,8268
DA:488,8268
DA:489,8268
DA:490,8268
DA:491,8268
DA:492,59
DA:493,59
DA:494,59
DA:495,8209
DA:496,3288
DA:497,3288
DA:498,4921
DA:500,8209
DA:503,8268
DA:506,5842
DA:508,5842
DA:509,5842
DA:510,5842
DA:511,5842
DA:512,5842
DA:513,5842
DA:514,5842
DA:515,5842
DA:516,5842
DA:517,30
DA:518,30
DA:519,30
DA:520,5812
DA:521,2757
DA:522,2757
DA:523,3055
DA:525,5812
DA:527,5842
DA:530,36125
DA:532,36125
DA:533,36125
DA:534,36125
DA:535,36125
DA:536,36125
DA:538,36125
DA:539,36125
DA:540,378
DA:541,378
DA:542,35747
DA:543,24320
DA:544,24320
DA:545,11427
DA:547,35747
DA:549,36125
DA:552,8583
DA:554,8583
DA:555,8583
DA:556,8583
DA:557,8583
DA:558,8583
DA:559,8583
DA:560,8583
DA:561,8583
DA:562,8583
DA:563,74
DA:564,74
DA:565,74
DA:566,8509
DA:567,3291
DA:568,3291
DA:569,5218
DA:571,8509
DA:573,8583
DA:576,126
DA:577,63
DA:578,3
DA:579,3
DA:580,126
DA:583,6003
DA:584,6003
DA:585,3003
DA:587,3000
DA:588,3000
DA:589,3000
DA:590,6003
LF:282
LH:279
end_of_record
SF:/Users/alexbondar/Technion/3_semester/data structures/DSWet1/unittests/test_BinTree.cpp
FN:28,_ZN30TestBinTree_InOrderInsert_TestC1Ev
FN:28,_ZN30TestBinTree_InOrderInsert_TestD2Ev
FN:28,_ZN30TestBinTree_InOrderInsert_TestC2Ev
FN:28,_ZN30TestBinTree_InOrderInsert_TestD0Ev
FN:28,_ZN30TestBinTree_InOrderInsert_Test8TestBodyEv
FN:28,__cxx_global_var_init
FN:28,_ZN30TestBinTree_InOrderInsert_TestD1Ev
FN:29,_ZZN30TestBinTree_InOrderInsert_Test8TestBodyEvENK3$_0clERNSt3__17promiseIbEE
FN:41,_ZN35TestBinTree_ReverseOrderInsert_TestD2Ev
FN:41,_ZN35TestBinTree_ReverseOrderInsert_TestC1Ev
FN:41,_ZN35TestBinTree_ReverseOrderInsert_TestC2Ev
FN:41,_ZN35TestBinTree_ReverseOrderInsert_Test8TestBodyEv
FN:41,_ZN35TestBinTree_ReverseOrderInsert_TestD1Ev
FN:41,_ZN35TestBinTree_ReverseOrderInsert_TestD0Ev
FN:41,__cxx_global_var_init.6
FN:42,_ZZN35TestBinTree_ReverseOrderInsert_Test8TestBodyEvENK3$_1clERNSt3__17promiseIbEE
FN:56,_ZN34TestBinTree_RandomOrderInsert_TestD1Ev
FN:56,__cxx_global_var_init.8
FN:56,_ZN34TestBinTree_RandomOrderInsert_Test8TestBodyEv
FN:56,_ZN34TestBinTree_RandomOrderInsert_TestC1Ev
FN:56,_ZN34TestBinTree_RandomOrderInsert_TestC2Ev
FN:56,_ZN34TestBinTree_RandomOrderInsert_TestD2Ev
FN:56,_ZN34TestBinTree_RandomOrderInsert_TestD0Ev
FN:57,_ZZN34TestBinTree_RandomOrderInsert_Test8TestBodyEvENK3$_2clERNSt3__17promiseIbEE
FN:78,_ZN39TestBinTree_InOrderInsertRandomPop_TestD1Ev
FN:78,_ZN39TestBinTree_InOrderInsertRandomPop_Test8TestBodyEv
FN:78,_ZN39TestBinTree_InOrderInsertRandomPop_TestD0Ev
FN:78,_ZN39TestBinTree_InOrderInsertRandomPop_TestC1Ev
FN:78,_ZN39TestBinTree_InOrderInsertRandomPop_TestC2Ev
FN:78,_ZN39TestBinTree_InOrderInsertRandomPop_TestD2Ev
FN:78,__cxx_global_var_init.10
FN:79,_ZZN39TestBinTree_InOrderInsertRandomPop_Test8TestBodyEvENK3$_3clERNSt3__17promiseIbEE
FN:104,_ZN39TestBinTree_RandomInsertInOrderPop_TestD2Ev
FN:104,_ZN39TestBinTree_RandomInsertInOrderPop_Test8TestBodyEv
FN:104,_ZN39TestBinTree_RandomInsertInOrderPop_TestD1Ev
FN:104,_ZN39TestBinTree_RandomInsertInOrderPop_TestC2Ev
FN:104,_ZN39TestBinTree_RandomInsertInOrderPop_TestD0Ev
FN:104,_ZN39TestBinTree_RandomInsertInOrderPop_TestC1Ev
FN:104,__cxx_global_var_init.12
FN:105,_ZZN39TestBinTree_RandomInsertInOrderPop_Test8TestBodyEvENK3$_4clERNSt3__17promiseIbEE
FN:131,_ZN38TestBinTree_RandomInsertRandomPop_TestD0Ev
FN:131,_ZN38TestBinTree_RandomInsertRandomPop_TestD2Ev
FN:131,_ZN38TestBinTree_RandomInsertRandomPop_Test8TestBodyEv
FN:131,_ZN38TestBinTree_RandomInsertRandomPop_TestD1Ev
FN:131,_ZN38TestBinTree_RandomInsertRandomPop_TestC2Ev
FN:131,__cxx_global_var_init.14
FN:131,_ZN38TestBinTree_RandomInsertRandomPop_TestC1Ev
FN:132,_ZZN38TestBinTree_RandomInsertRandomPop_Test8TestBodyEvENK3$_5clERNSt3__17promiseIbEE
FNDA:1,__cxx_global_var_init
FNDA:1,_ZN30TestBinTree_InOrderInsert_Test8TestBodyEv
FNDA:1,_ZN30TestBinTree_InOrderInsert_TestD1Ev
FNDA:1,_ZN30TestBinTree_InOrderInsert_TestD0Ev
FNDA:1,_ZN30TestBinTree_InOrderInsert_TestC1Ev
FNDA:1,_ZN30TestBinTree_InOrderInsert_TestC2Ev
FNDA:1,_ZN30TestBinTree_InOrderInsert_TestD2Ev
FNDA:1,_ZZN30TestBinTree_InOrderInsert_Test8TestBodyEvENK3$_0clERNSt3__17promiseIbEE
FNDA:1,__cxx_global_var_init.6
FNDA:1,_ZN35TestBinTree_ReverseOrderInsert_Test8TestBodyEv
FNDA:1,_ZN35TestBinTree_ReverseOrderInsert_TestD1Ev
FNDA:1,_ZN35TestBinTree_ReverseOrderInsert_TestD0Ev
FNDA:1,_ZN35TestBinTree_ReverseOrderInsert_TestC1Ev
FNDA:1,_ZN35TestBinTree_ReverseOrderInsert_TestC2Ev
FNDA:1,_ZN35TestBinTree_ReverseOrderInsert_TestD2Ev
FNDA:1,_ZZN35TestBinTree_ReverseOrderInsert_Test8TestBodyEvENK3$_1clERNSt3__17promiseIbEE
FNDA:1,__cxx_global_var_init.8
FNDA:1,_ZN34TestBinTree_RandomOrderInsert_Test8TestBodyEv
FNDA:1,_ZN34TestBinTree_RandomOrderInsert_TestD1Ev
FNDA:1,_ZN34TestBinTree_RandomOrderInsert_TestD0Ev
FNDA:1,_ZN34TestBinTree_RandomOrderInsert_TestC1Ev
FNDA:1,_ZN34TestBinTree_RandomOrderInsert_TestC2Ev
FNDA:1,_ZN34TestBinTree_RandomOrderInsert_TestD2Ev
FNDA:1,_ZZN34TestBinTree_RandomOrderInsert_Test8TestBodyEvENK3$_2clERNSt3__17promiseIbEE
FNDA:1,__cxx_global_var_init.10
FNDA:1,_ZN39TestBinTree_InOrderInsertRandomPop_Test8TestBodyEv
FNDA:1,_ZN39TestBinTree_InOrderInsertRandomPop_TestD1Ev
FNDA:1,_ZN39TestBinTree_InOrderInsertRandomPop_TestD0Ev
FNDA:1,_ZN39TestBinTree_InOrderInsertRandomPop_TestC1Ev
FNDA:1,_ZN39TestBinTree_InOrderInsertRandomPop_TestC2Ev
FNDA:1,_ZN39TestBinTree_InOrderInsertRandomPop_TestD2Ev
FNDA:1,_ZZN39TestBinTree_InOrderInsertRandomPop_Test8TestBodyEvENK3$_3clERNSt3__17promiseIbEE
FNDA:1,__cxx_global_var_init.12
FNDA:1,_ZN39TestBinTree_RandomInsertInOrderPop_Test8TestBodyEv
FNDA:1,_ZN39TestBinTree_RandomInsertInOrderPop_TestD1Ev
FNDA:1,_ZN39TestBinTree_RandomInsertInOrderPop_TestD0Ev
FNDA:1,_ZN39TestBinTree_RandomInsertInOrderPop_TestC1Ev
FNDA:1,_ZN39TestBinTree_RandomInsertInOrderPop_TestC2Ev
FNDA:1,_ZN39TestBinTree_RandomInsertInOrderPop_TestD2Ev
FNDA:1,_ZZN39TestBinTree_RandomInsertInOrderPop_Test8TestBodyEvENK3$_4clERNSt3__17promiseIbEE
FNDA:1,__cxx_global_var_init.14
FNDA:1,_ZN38TestBinTree_RandomInsertRandomPop_Test8TestBodyEv
FNDA:1,_ZN38TestBinTree_RandomInsertRandomPop_TestD1Ev
FNDA:1,_ZN38TestBinTree_RandomInsertRandomPop_TestD0Ev
FNDA:1,_ZN38TestBinTree_RandomInsertRandomPop_TestC1Ev
FNDA:1,_ZN38TestBinTree_RandomInsertRandomPop_TestC2Ev
FNDA:1,_ZN38TestBinTree_RandomInsertRandomPop_TestD2Ev
FNDA:1,_ZZN38TestBinTree_RandomInsertRandomPop_Test8TestBodyEvENK3$_5clERNSt3__17promiseIbEE
FNF:48
FNH:48
DA:28,7
DA:29,3
DA:30,1
DA:31,1
DA:32,1001
DA:33,1000
DA:34,1000
DA:35,1001
DA:36,1000
DA:37,1000
DA:38,1
DA:39,2
DA:40,1
DA:41,7
DA:42,3
DA:43,1
DA:44,1001
DA:45,1000
DA:46,1000
DA:47,1
DA:48,1
DA:49,1001
DA:50,1000
DA:51,1000
DA:52,1
DA:53,3
DA:54,1
DA:56,7
DA:57,3
DA:58,1
DA:59,1
DA:60,1
DA:63,1
DA:64,1001
DA:65,1000
DA:66,1000
DA:67,1000
DA:68,1000
DA:69,1000
DA:70,1
DA:71,1001
DA:72,1000
DA:73,1000
DA:74,1
DA:75,2
DA:76,1
DA:78,7
DA:79,3
DA:81,21
DA:82,20
DA:83,20
DA:84,20
DA:86,20
DA:87,20020
DA:88,20000
DA:89,20000
DA:90,20000
DA:91,20000
DA:92,20
DA:93,20020
DA:94,20000
DA:95,20000
DA:96,20000
DA:97,20000
DA:99,20
DA:100,20
DA:101,2
DA:102,1
DA:104,7
DA:105,3
DA:107,21
DA:108,20
DA:109,20
DA:110,20
DA:112,20
DA:114,20020
DA:115,20000
DA:116,20000
DA:117,20000
DA:118,20
DA:119,20020
DA:120,20000
DA:122,20020
DA:123,20000
DA:124,20000
DA:125,20000
DA:126,20
DA:127,20
DA:128,2
DA:129,1
DA:131,7
DA:132,3
DA:134,21
DA:135,20
DA:136,20
DA:137,20
DA:139,20
DA:141,20020
DA:142,20000
DA:143,20000
DA:144,20000
DA:145,20020
DA:146,20000
DA:148,20
DA:149,20020
DA:150,20000
DA:151,20000
DA:152,20000
DA:153,20000
DA:155,20
DA:156,20
DA:157,2
DA:158,1
LF:113
LH:113
end_of_record
